{
  "stats": {
    "suites": 37,
    "tests": 77,
    "passes": 75,
    "pending": 2,
    "failures": 0,
    "start": "2017-06-17T08:13:45.437Z",
    "end": "2017-06-17T08:13:45.564Z",
    "duration": 127,
    "testsRegistered": 77,
    "passPercent": 100,
    "pendingPercent": 2.6,
    "other": 0,
    "hasOther": false,
    "skipped": 0,
    "hasSkipped": false,
    "passPercentClass": "success",
    "pendingPercentClass": "danger"
  },
  "suites": {
    "title": "",
    "suites": [
      {
        "title": "Helpers",
        "suites": [
          {
            "title": "#is",
            "suites": [],
            "tests": [
              {
                "title": "should be an existant property",
                "fullTitle": "Helpers #is should be an existant property",
                "timedOut": false,
                "duration": 1,
                "state": "passed",
                "speed": "fast",
                "pass": true,
                "fail": false,
                "pending": false,
                "code": "(0, _chai.expect)(helpers.is).to.exist;",
                "err": {},
                "isRoot": false,
                "uuid": "ff722647-f0ff-475e-a847-aa55dd752226",
                "parentUUID": "9e040d04-c414-4e08-85a1-fd0df889c4d7",
                "isHook": false,
                "skipped": false
              }
            ],
            "pending": [],
            "root": false,
            "_timeout": 2000,
            "file": "\\test\\index.js",
            "uuid": "9e040d04-c414-4e08-85a1-fd0df889c4d7",
            "beforeHooks": [],
            "afterHooks": [],
            "fullFile": "C:\\Users\\Francis\\Documents\\Projects\\helpers\\test\\index.js",
            "passes": [
              {
                "title": "should be an existant property",
                "fullTitle": "Helpers #is should be an existant property",
                "timedOut": false,
                "duration": 1,
                "state": "passed",
                "speed": "fast",
                "pass": true,
                "fail": false,
                "pending": false,
                "code": "(0, _chai.expect)(helpers.is).to.exist;",
                "err": {},
                "isRoot": false,
                "uuid": "ff722647-f0ff-475e-a847-aa55dd752226",
                "parentUUID": "9e040d04-c414-4e08-85a1-fd0df889c4d7",
                "isHook": false,
                "skipped": false
              }
            ],
            "failures": [],
            "skipped": [],
            "hasBeforeHooks": false,
            "hasAfterHooks": false,
            "hasTests": true,
            "hasSuites": false,
            "totalTests": 1,
            "totalPasses": 1,
            "totalFailures": 0,
            "totalPending": 0,
            "totalSkipped": 0,
            "hasPasses": true,
            "hasFailures": false,
            "hasPending": false,
            "hasSkipped": false,
            "duration": 1,
            "rootEmpty": false
          },
          {
            "title": "#are",
            "suites": [],
            "tests": [
              {
                "title": "should be an existant property",
                "fullTitle": "Helpers #are should be an existant property",
                "timedOut": false,
                "duration": 0,
                "state": "passed",
                "speed": "fast",
                "pass": true,
                "fail": false,
                "pending": false,
                "code": "(0, _chai.expect)(helpers.are).to.exist;",
                "err": {},
                "isRoot": false,
                "uuid": "79a8b992-65ca-4024-860a-f31e48394145",
                "parentUUID": "fd267f8d-cd2b-48c4-9cc6-077f5e661f37",
                "isHook": false,
                "skipped": false
              }
            ],
            "pending": [],
            "root": false,
            "_timeout": 2000,
            "file": "\\test\\index.js",
            "uuid": "fd267f8d-cd2b-48c4-9cc6-077f5e661f37",
            "beforeHooks": [],
            "afterHooks": [],
            "fullFile": "C:\\Users\\Francis\\Documents\\Projects\\helpers\\test\\index.js",
            "passes": [
              {
                "title": "should be an existant property",
                "fullTitle": "Helpers #are should be an existant property",
                "timedOut": false,
                "duration": 0,
                "state": "passed",
                "speed": "fast",
                "pass": true,
                "fail": false,
                "pending": false,
                "code": "(0, _chai.expect)(helpers.are).to.exist;",
                "err": {},
                "isRoot": false,
                "uuid": "79a8b992-65ca-4024-860a-f31e48394145",
                "parentUUID": "fd267f8d-cd2b-48c4-9cc6-077f5e661f37",
                "isHook": false,
                "skipped": false
              }
            ],
            "failures": [],
            "skipped": [],
            "hasBeforeHooks": false,
            "hasAfterHooks": false,
            "hasTests": true,
            "hasSuites": false,
            "totalTests": 1,
            "totalPasses": 1,
            "totalFailures": 0,
            "totalPending": 0,
            "totalSkipped": 0,
            "hasPasses": true,
            "hasFailures": false,
            "hasPending": false,
            "hasSkipped": false,
            "duration": 0,
            "rootEmpty": false
          },
          {
            "title": "#as",
            "suites": [],
            "tests": [
              {
                "title": "should be an existant property",
                "fullTitle": "Helpers #as should be an existant property",
                "timedOut": false,
                "duration": 0,
                "state": "passed",
                "speed": "fast",
                "pass": true,
                "fail": false,
                "pending": false,
                "code": "(0, _chai.expect)(helpers.as).to.exist;",
                "err": {},
                "isRoot": false,
                "uuid": "6c63e939-e6c0-4bc4-8d88-e9271ae16cfe",
                "parentUUID": "3cc6c4a0-4a21-4c13-9dca-e8320505af7e",
                "isHook": false,
                "skipped": false
              }
            ],
            "pending": [],
            "root": false,
            "_timeout": 2000,
            "file": "\\test\\index.js",
            "uuid": "3cc6c4a0-4a21-4c13-9dca-e8320505af7e",
            "beforeHooks": [],
            "afterHooks": [],
            "fullFile": "C:\\Users\\Francis\\Documents\\Projects\\helpers\\test\\index.js",
            "passes": [
              {
                "title": "should be an existant property",
                "fullTitle": "Helpers #as should be an existant property",
                "timedOut": false,
                "duration": 0,
                "state": "passed",
                "speed": "fast",
                "pass": true,
                "fail": false,
                "pending": false,
                "code": "(0, _chai.expect)(helpers.as).to.exist;",
                "err": {},
                "isRoot": false,
                "uuid": "6c63e939-e6c0-4bc4-8d88-e9271ae16cfe",
                "parentUUID": "3cc6c4a0-4a21-4c13-9dca-e8320505af7e",
                "isHook": false,
                "skipped": false
              }
            ],
            "failures": [],
            "skipped": [],
            "hasBeforeHooks": false,
            "hasAfterHooks": false,
            "hasTests": true,
            "hasSuites": false,
            "totalTests": 1,
            "totalPasses": 1,
            "totalFailures": 0,
            "totalPending": 0,
            "totalSkipped": 0,
            "hasPasses": true,
            "hasFailures": false,
            "hasPending": false,
            "hasSkipped": false,
            "duration": 0,
            "rootEmpty": false
          },
          {
            "title": "#query",
            "suites": [],
            "tests": [
              {
                "title": "should be an existant property",
                "fullTitle": "Helpers #query should be an existant property",
                "timedOut": false,
                "duration": 0,
                "state": "passed",
                "speed": "fast",
                "pass": true,
                "fail": false,
                "pending": false,
                "code": "(0, _chai.expect)(helpers.query).to.exist;",
                "err": {},
                "isRoot": false,
                "uuid": "4343eb8d-4b6c-4b33-99ed-d95439bc691b",
                "parentUUID": "f9dd8b33-8ae4-4739-a369-d8304125da96",
                "isHook": false,
                "skipped": false
              }
            ],
            "pending": [],
            "root": false,
            "_timeout": 2000,
            "file": "\\test\\index.js",
            "uuid": "f9dd8b33-8ae4-4739-a369-d8304125da96",
            "beforeHooks": [],
            "afterHooks": [],
            "fullFile": "C:\\Users\\Francis\\Documents\\Projects\\helpers\\test\\index.js",
            "passes": [
              {
                "title": "should be an existant property",
                "fullTitle": "Helpers #query should be an existant property",
                "timedOut": false,
                "duration": 0,
                "state": "passed",
                "speed": "fast",
                "pass": true,
                "fail": false,
                "pending": false,
                "code": "(0, _chai.expect)(helpers.query).to.exist;",
                "err": {},
                "isRoot": false,
                "uuid": "4343eb8d-4b6c-4b33-99ed-d95439bc691b",
                "parentUUID": "f9dd8b33-8ae4-4739-a369-d8304125da96",
                "isHook": false,
                "skipped": false
              }
            ],
            "failures": [],
            "skipped": [],
            "hasBeforeHooks": false,
            "hasAfterHooks": false,
            "hasTests": true,
            "hasSuites": false,
            "totalTests": 1,
            "totalPasses": 1,
            "totalFailures": 0,
            "totalPending": 0,
            "totalSkipped": 0,
            "hasPasses": true,
            "hasFailures": false,
            "hasPending": false,
            "hasSkipped": false,
            "duration": 0,
            "rootEmpty": false
          }
        ],
        "tests": [],
        "pending": [],
        "root": false,
        "_timeout": 2000,
        "file": "\\test\\index.js",
        "uuid": "bc230430-ee5b-4456-9623-6288b17f5060",
        "beforeHooks": [],
        "afterHooks": [],
        "fullFile": "C:\\Users\\Francis\\Documents\\Projects\\helpers\\test\\index.js",
        "passes": [],
        "failures": [],
        "skipped": [],
        "hasBeforeHooks": false,
        "hasAfterHooks": false,
        "hasTests": false,
        "hasSuites": true,
        "totalTests": 0,
        "totalPasses": 0,
        "totalFailures": 0,
        "totalPending": 0,
        "totalSkipped": 0,
        "hasPasses": false,
        "hasFailures": false,
        "hasPending": false,
        "hasSkipped": false,
        "duration": 0,
        "rootEmpty": false
      },
      {
        "title": "As",
        "suites": [
          {
            "title": "#array",
            "suites": [],
            "tests": [
              {
                "title": "should be an existant property",
                "fullTitle": "As #array should be an existant property",
                "timedOut": false,
                "duration": 0,
                "state": "passed",
                "speed": "fast",
                "pass": true,
                "fail": false,
                "pending": false,
                "code": "(0, _chai.expect)(unit.array).to.exist;",
                "err": {},
                "isRoot": false,
                "uuid": "7d5fd5da-4d8e-4d8b-b770-5e6448b32676",
                "parentUUID": "d7f5902b-b5e7-4514-ae89-f54a64febc41",
                "isHook": false,
                "skipped": false
              }
            ],
            "pending": [],
            "root": false,
            "_timeout": 2000,
            "file": "\\test\\index.js",
            "uuid": "d7f5902b-b5e7-4514-ae89-f54a64febc41",
            "beforeHooks": [],
            "afterHooks": [],
            "fullFile": "C:\\Users\\Francis\\Documents\\Projects\\helpers\\test\\index.js",
            "passes": [
              {
                "title": "should be an existant property",
                "fullTitle": "As #array should be an existant property",
                "timedOut": false,
                "duration": 0,
                "state": "passed",
                "speed": "fast",
                "pass": true,
                "fail": false,
                "pending": false,
                "code": "(0, _chai.expect)(unit.array).to.exist;",
                "err": {},
                "isRoot": false,
                "uuid": "7d5fd5da-4d8e-4d8b-b770-5e6448b32676",
                "parentUUID": "d7f5902b-b5e7-4514-ae89-f54a64febc41",
                "isHook": false,
                "skipped": false
              }
            ],
            "failures": [],
            "skipped": [],
            "hasBeforeHooks": false,
            "hasAfterHooks": false,
            "hasTests": true,
            "hasSuites": false,
            "totalTests": 1,
            "totalPasses": 1,
            "totalFailures": 0,
            "totalPending": 0,
            "totalSkipped": 0,
            "hasPasses": true,
            "hasFailures": false,
            "hasPending": false,
            "hasSkipped": false,
            "duration": 0,
            "rootEmpty": false
          },
          {
            "title": "#pair",
            "suites": [],
            "tests": [
              {
                "title": "should be an existant property",
                "fullTitle": "As #pair should be an existant property",
                "timedOut": false,
                "duration": 0,
                "state": "passed",
                "speed": "fast",
                "pass": true,
                "fail": false,
                "pending": false,
                "code": "(0, _chai.expect)(unit.pair).to.exist;",
                "err": {},
                "isRoot": false,
                "uuid": "a1dd1e81-b3c6-4df3-b16b-656012691c74",
                "parentUUID": "b1aa9b92-8d84-4995-a048-c87e8e27e59a",
                "isHook": false,
                "skipped": false
              }
            ],
            "pending": [],
            "root": false,
            "_timeout": 2000,
            "file": "\\test\\index.js",
            "uuid": "b1aa9b92-8d84-4995-a048-c87e8e27e59a",
            "beforeHooks": [],
            "afterHooks": [],
            "fullFile": "C:\\Users\\Francis\\Documents\\Projects\\helpers\\test\\index.js",
            "passes": [
              {
                "title": "should be an existant property",
                "fullTitle": "As #pair should be an existant property",
                "timedOut": false,
                "duration": 0,
                "state": "passed",
                "speed": "fast",
                "pass": true,
                "fail": false,
                "pending": false,
                "code": "(0, _chai.expect)(unit.pair).to.exist;",
                "err": {},
                "isRoot": false,
                "uuid": "a1dd1e81-b3c6-4df3-b16b-656012691c74",
                "parentUUID": "b1aa9b92-8d84-4995-a048-c87e8e27e59a",
                "isHook": false,
                "skipped": false
              }
            ],
            "failures": [],
            "skipped": [],
            "hasBeforeHooks": false,
            "hasAfterHooks": false,
            "hasTests": true,
            "hasSuites": false,
            "totalTests": 1,
            "totalPasses": 1,
            "totalFailures": 0,
            "totalPending": 0,
            "totalSkipped": 0,
            "hasPasses": true,
            "hasFailures": false,
            "hasPending": false,
            "hasSkipped": false,
            "duration": 0,
            "rootEmpty": false
          },
          {
            "title": "#method",
            "suites": [],
            "tests": [
              {
                "title": "should be an existant property",
                "fullTitle": "As #method should be an existant property",
                "timedOut": false,
                "duration": 0,
                "state": "passed",
                "speed": "fast",
                "pass": true,
                "fail": false,
                "pending": false,
                "code": "(0, _chai.expect)(unit.method).to.exist;",
                "err": {},
                "isRoot": false,
                "uuid": "22f0a17b-34ed-46ef-8bc1-107c494de67b",
                "parentUUID": "2eb56a32-c207-4539-bf2f-dc2f33971270",
                "isHook": false,
                "skipped": false
              }
            ],
            "pending": [],
            "root": false,
            "_timeout": 2000,
            "file": "\\test\\index.js",
            "uuid": "2eb56a32-c207-4539-bf2f-dc2f33971270",
            "beforeHooks": [],
            "afterHooks": [],
            "fullFile": "C:\\Users\\Francis\\Documents\\Projects\\helpers\\test\\index.js",
            "passes": [
              {
                "title": "should be an existant property",
                "fullTitle": "As #method should be an existant property",
                "timedOut": false,
                "duration": 0,
                "state": "passed",
                "speed": "fast",
                "pass": true,
                "fail": false,
                "pending": false,
                "code": "(0, _chai.expect)(unit.method).to.exist;",
                "err": {},
                "isRoot": false,
                "uuid": "22f0a17b-34ed-46ef-8bc1-107c494de67b",
                "parentUUID": "2eb56a32-c207-4539-bf2f-dc2f33971270",
                "isHook": false,
                "skipped": false
              }
            ],
            "failures": [],
            "skipped": [],
            "hasBeforeHooks": false,
            "hasAfterHooks": false,
            "hasTests": true,
            "hasSuites": false,
            "totalTests": 1,
            "totalPasses": 1,
            "totalFailures": 0,
            "totalPending": 0,
            "totalSkipped": 0,
            "hasPasses": true,
            "hasFailures": false,
            "hasPending": false,
            "hasSkipped": false,
            "duration": 0,
            "rootEmpty": false
          },
          {
            "title": "#flatten",
            "suites": [],
            "tests": [
              {
                "title": "should be an existant property",
                "fullTitle": "As #flatten should be an existant property",
                "timedOut": false,
                "duration": 0,
                "state": "passed",
                "speed": "fast",
                "pass": true,
                "fail": false,
                "pending": false,
                "code": "(0, _chai.expect)(unit.flatten).to.exist;",
                "err": {},
                "isRoot": false,
                "uuid": "0d975cb1-b1ad-4282-9a2b-33e302b33d14",
                "parentUUID": "d28f534e-184f-4f7e-8962-97a6c3e8621b",
                "isHook": false,
                "skipped": false
              }
            ],
            "pending": [],
            "root": false,
            "_timeout": 2000,
            "file": "\\test\\index.js",
            "uuid": "d28f534e-184f-4f7e-8962-97a6c3e8621b",
            "beforeHooks": [],
            "afterHooks": [],
            "fullFile": "C:\\Users\\Francis\\Documents\\Projects\\helpers\\test\\index.js",
            "passes": [
              {
                "title": "should be an existant property",
                "fullTitle": "As #flatten should be an existant property",
                "timedOut": false,
                "duration": 0,
                "state": "passed",
                "speed": "fast",
                "pass": true,
                "fail": false,
                "pending": false,
                "code": "(0, _chai.expect)(unit.flatten).to.exist;",
                "err": {},
                "isRoot": false,
                "uuid": "0d975cb1-b1ad-4282-9a2b-33e302b33d14",
                "parentUUID": "d28f534e-184f-4f7e-8962-97a6c3e8621b",
                "isHook": false,
                "skipped": false
              }
            ],
            "failures": [],
            "skipped": [],
            "hasBeforeHooks": false,
            "hasAfterHooks": false,
            "hasTests": true,
            "hasSuites": false,
            "totalTests": 1,
            "totalPasses": 1,
            "totalFailures": 0,
            "totalPending": 0,
            "totalSkipped": 0,
            "hasPasses": true,
            "hasFailures": false,
            "hasPending": false,
            "hasSkipped": false,
            "duration": 0,
            "rootEmpty": false
          },
          {
            "title": "#decomposed",
            "suites": [],
            "tests": [
              {
                "title": "should be an existant property",
                "fullTitle": "As #decomposed should be an existant property",
                "timedOut": false,
                "duration": 0,
                "state": "passed",
                "speed": "fast",
                "pass": true,
                "fail": false,
                "pending": false,
                "code": "(0, _chai.expect)(unit.decomposed).to.exist;",
                "err": {},
                "isRoot": false,
                "uuid": "8644e050-8320-4913-9844-6b54137f65c4",
                "parentUUID": "c0aa832b-625b-45c8-b7c4-8e9e30eea4a6",
                "isHook": false,
                "skipped": false
              }
            ],
            "pending": [],
            "root": false,
            "_timeout": 2000,
            "file": "\\test\\index.js",
            "uuid": "c0aa832b-625b-45c8-b7c4-8e9e30eea4a6",
            "beforeHooks": [],
            "afterHooks": [],
            "fullFile": "C:\\Users\\Francis\\Documents\\Projects\\helpers\\test\\index.js",
            "passes": [
              {
                "title": "should be an existant property",
                "fullTitle": "As #decomposed should be an existant property",
                "timedOut": false,
                "duration": 0,
                "state": "passed",
                "speed": "fast",
                "pass": true,
                "fail": false,
                "pending": false,
                "code": "(0, _chai.expect)(unit.decomposed).to.exist;",
                "err": {},
                "isRoot": false,
                "uuid": "8644e050-8320-4913-9844-6b54137f65c4",
                "parentUUID": "c0aa832b-625b-45c8-b7c4-8e9e30eea4a6",
                "isHook": false,
                "skipped": false
              }
            ],
            "failures": [],
            "skipped": [],
            "hasBeforeHooks": false,
            "hasAfterHooks": false,
            "hasTests": true,
            "hasSuites": false,
            "totalTests": 1,
            "totalPasses": 1,
            "totalFailures": 0,
            "totalPending": 0,
            "totalSkipped": 0,
            "hasPasses": true,
            "hasFailures": false,
            "hasPending": false,
            "hasSkipped": false,
            "duration": 0,
            "rootEmpty": false
          },
          {
            "title": "#attempt",
            "suites": [],
            "tests": [
              {
                "title": "should be an existant property",
                "fullTitle": "As #attempt should be an existant property",
                "timedOut": false,
                "duration": 0,
                "state": "passed",
                "speed": "fast",
                "pass": true,
                "fail": false,
                "pending": false,
                "code": "(0, _chai.expect)(unit.attempt).to.exist;",
                "err": {},
                "isRoot": false,
                "uuid": "a4ed2e59-7e30-4579-84cf-c86fd6202eb2",
                "parentUUID": "b21d3a33-feca-48e2-a987-f12056cac453",
                "isHook": false,
                "skipped": false
              }
            ],
            "pending": [],
            "root": false,
            "_timeout": 2000,
            "file": "\\test\\index.js",
            "uuid": "b21d3a33-feca-48e2-a987-f12056cac453",
            "beforeHooks": [],
            "afterHooks": [],
            "fullFile": "C:\\Users\\Francis\\Documents\\Projects\\helpers\\test\\index.js",
            "passes": [
              {
                "title": "should be an existant property",
                "fullTitle": "As #attempt should be an existant property",
                "timedOut": false,
                "duration": 0,
                "state": "passed",
                "speed": "fast",
                "pass": true,
                "fail": false,
                "pending": false,
                "code": "(0, _chai.expect)(unit.attempt).to.exist;",
                "err": {},
                "isRoot": false,
                "uuid": "a4ed2e59-7e30-4579-84cf-c86fd6202eb2",
                "parentUUID": "b21d3a33-feca-48e2-a987-f12056cac453",
                "isHook": false,
                "skipped": false
              }
            ],
            "failures": [],
            "skipped": [],
            "hasBeforeHooks": false,
            "hasAfterHooks": false,
            "hasTests": true,
            "hasSuites": false,
            "totalTests": 1,
            "totalPasses": 1,
            "totalFailures": 0,
            "totalPending": 0,
            "totalSkipped": 0,
            "hasPasses": true,
            "hasFailures": false,
            "hasPending": false,
            "hasSkipped": false,
            "duration": 0,
            "rootEmpty": false
          }
        ],
        "tests": [
          {
            "title": "should be an object",
            "fullTitle": "As should be an object",
            "timedOut": false,
            "duration": 1,
            "state": "passed",
            "speed": "fast",
            "pass": true,
            "fail": false,
            "pending": false,
            "code": "(0, _chai.expect)(unit).to.be.an('object');",
            "err": {},
            "isRoot": false,
            "uuid": "27716c33-58f9-47f1-b1af-9593ba7797c8",
            "parentUUID": "81388e1c-3fe4-4af9-8ac6-225f4d3768c0",
            "isHook": false,
            "skipped": false
          }
        ],
        "pending": [],
        "root": false,
        "_timeout": 2000,
        "file": "\\test\\index.js",
        "uuid": "81388e1c-3fe4-4af9-8ac6-225f4d3768c0",
        "beforeHooks": [],
        "afterHooks": [],
        "fullFile": "C:\\Users\\Francis\\Documents\\Projects\\helpers\\test\\index.js",
        "passes": [
          {
            "title": "should be an object",
            "fullTitle": "As should be an object",
            "timedOut": false,
            "duration": 1,
            "state": "passed",
            "speed": "fast",
            "pass": true,
            "fail": false,
            "pending": false,
            "code": "(0, _chai.expect)(unit).to.be.an('object');",
            "err": {},
            "isRoot": false,
            "uuid": "27716c33-58f9-47f1-b1af-9593ba7797c8",
            "parentUUID": "81388e1c-3fe4-4af9-8ac6-225f4d3768c0",
            "isHook": false,
            "skipped": false
          }
        ],
        "failures": [],
        "skipped": [],
        "hasBeforeHooks": false,
        "hasAfterHooks": false,
        "hasTests": true,
        "hasSuites": true,
        "totalTests": 1,
        "totalPasses": 1,
        "totalFailures": 0,
        "totalPending": 0,
        "totalSkipped": 0,
        "hasPasses": true,
        "hasFailures": false,
        "hasPending": false,
        "hasSkipped": false,
        "duration": 1,
        "rootEmpty": false
      },
      {
        "title": "Is",
        "suites": [
          {
            "title": "#not",
            "suites": [],
            "tests": [
              {
                "title": "should be a generated property",
                "fullTitle": "Is #not should be a generated property",
                "timedOut": false,
                "duration": 0,
                "state": "passed",
                "speed": "fast",
                "pass": true,
                "fail": false,
                "pending": false,
                "code": "(0, _chai.expect)(_is2.default.not).to.exist;",
                "err": {},
                "isRoot": false,
                "uuid": "a113207e-e043-4b9b-9597-2cf80a333f81",
                "parentUUID": "6fd12a44-89a8-466f-b48d-b8e7362a185e",
                "isHook": false,
                "skipped": false
              }
            ],
            "pending": [],
            "root": false,
            "_timeout": 2000,
            "file": "\\test\\index.js",
            "uuid": "6fd12a44-89a8-466f-b48d-b8e7362a185e",
            "beforeHooks": [],
            "afterHooks": [],
            "fullFile": "C:\\Users\\Francis\\Documents\\Projects\\helpers\\test\\index.js",
            "passes": [
              {
                "title": "should be a generated property",
                "fullTitle": "Is #not should be a generated property",
                "timedOut": false,
                "duration": 0,
                "state": "passed",
                "speed": "fast",
                "pass": true,
                "fail": false,
                "pending": false,
                "code": "(0, _chai.expect)(_is2.default.not).to.exist;",
                "err": {},
                "isRoot": false,
                "uuid": "a113207e-e043-4b9b-9597-2cf80a333f81",
                "parentUUID": "6fd12a44-89a8-466f-b48d-b8e7362a185e",
                "isHook": false,
                "skipped": false
              }
            ],
            "failures": [],
            "skipped": [],
            "hasBeforeHooks": false,
            "hasAfterHooks": false,
            "hasTests": true,
            "hasSuites": false,
            "totalTests": 1,
            "totalPasses": 1,
            "totalFailures": 0,
            "totalPending": 0,
            "totalSkipped": 0,
            "hasPasses": true,
            "hasFailures": false,
            "hasPending": false,
            "hasSkipped": false,
            "duration": 0,
            "rootEmpty": false
          },
          {
            "title": "#element",
            "suites": [],
            "tests": [
              {
                "title": "should be an existent function",
                "fullTitle": "Is #element should be an existent function",
                "timedOut": false,
                "duration": 1,
                "state": "passed",
                "speed": "fast",
                "pass": true,
                "fail": false,
                "pending": false,
                "code": "(0, _chai.expect)(_is2.default.element).to.be.a('function');",
                "err": {},
                "isRoot": false,
                "uuid": "6f289890-6a6e-4038-8de3-e163b79f4007",
                "parentUUID": "54cc82ec-3e6b-46b9-a141-dc8bbecf9fab",
                "isHook": false,
                "skipped": false
              },
              {
                "title": "should have an inverse method",
                "fullTitle": "Is #element should have an inverse method",
                "timedOut": false,
                "duration": 1,
                "state": "passed",
                "speed": "fast",
                "pass": true,
                "fail": false,
                "pending": false,
                "code": "(0, _chai.expect)(_is2.default.not.element).to.be.a('function');",
                "err": {},
                "isRoot": false,
                "uuid": "9fbcd0fd-4a4f-4fb1-a687-b7d522ff5813",
                "parentUUID": "54cc82ec-3e6b-46b9-a141-dc8bbecf9fab",
                "isHook": false,
                "skipped": false
              },
              {
                "title": "should check the nodeType property",
                "fullTitle": "Is #element should check the nodeType property",
                "timedOut": false,
                "duration": 0,
                "state": "passed",
                "speed": "fast",
                "pass": true,
                "fail": false,
                "pending": false,
                "code": "(0, _chai.expect)(_is2.default.element({ nodeType: 1 })).to.be.true;",
                "err": {},
                "isRoot": false,
                "uuid": "1b9ff4b7-c1fd-4c14-b2b7-2bfdbc336374",
                "parentUUID": "54cc82ec-3e6b-46b9-a141-dc8bbecf9fab",
                "isHook": false,
                "skipped": false
              }
            ],
            "pending": [],
            "root": false,
            "_timeout": 2000,
            "file": "\\test\\index.js",
            "uuid": "54cc82ec-3e6b-46b9-a141-dc8bbecf9fab",
            "beforeHooks": [],
            "afterHooks": [],
            "fullFile": "C:\\Users\\Francis\\Documents\\Projects\\helpers\\test\\index.js",
            "passes": [
              {
                "title": "should be an existent function",
                "fullTitle": "Is #element should be an existent function",
                "timedOut": false,
                "duration": 1,
                "state": "passed",
                "speed": "fast",
                "pass": true,
                "fail": false,
                "pending": false,
                "code": "(0, _chai.expect)(_is2.default.element).to.be.a('function');",
                "err": {},
                "isRoot": false,
                "uuid": "6f289890-6a6e-4038-8de3-e163b79f4007",
                "parentUUID": "54cc82ec-3e6b-46b9-a141-dc8bbecf9fab",
                "isHook": false,
                "skipped": false
              },
              {
                "title": "should have an inverse method",
                "fullTitle": "Is #element should have an inverse method",
                "timedOut": false,
                "duration": 1,
                "state": "passed",
                "speed": "fast",
                "pass": true,
                "fail": false,
                "pending": false,
                "code": "(0, _chai.expect)(_is2.default.not.element).to.be.a('function');",
                "err": {},
                "isRoot": false,
                "uuid": "9fbcd0fd-4a4f-4fb1-a687-b7d522ff5813",
                "parentUUID": "54cc82ec-3e6b-46b9-a141-dc8bbecf9fab",
                "isHook": false,
                "skipped": false
              },
              {
                "title": "should check the nodeType property",
                "fullTitle": "Is #element should check the nodeType property",
                "timedOut": false,
                "duration": 0,
                "state": "passed",
                "speed": "fast",
                "pass": true,
                "fail": false,
                "pending": false,
                "code": "(0, _chai.expect)(_is2.default.element({ nodeType: 1 })).to.be.true;",
                "err": {},
                "isRoot": false,
                "uuid": "1b9ff4b7-c1fd-4c14-b2b7-2bfdbc336374",
                "parentUUID": "54cc82ec-3e6b-46b9-a141-dc8bbecf9fab",
                "isHook": false,
                "skipped": false
              }
            ],
            "failures": [],
            "skipped": [],
            "hasBeforeHooks": false,
            "hasAfterHooks": false,
            "hasTests": true,
            "hasSuites": false,
            "totalTests": 3,
            "totalPasses": 3,
            "totalFailures": 0,
            "totalPending": 0,
            "totalSkipped": 0,
            "hasPasses": true,
            "hasFailures": false,
            "hasPending": false,
            "hasSkipped": false,
            "duration": 2,
            "rootEmpty": false
          },
          {
            "title": "#fragment",
            "suites": [],
            "tests": [
              {
                "title": "should be an existent function",
                "fullTitle": "Is #fragment should be an existent function",
                "timedOut": false,
                "duration": 0,
                "state": "passed",
                "speed": "fast",
                "pass": true,
                "fail": false,
                "pending": false,
                "code": "(0, _chai.expect)(_is2.default.fragment).to.be.a('function');",
                "err": {},
                "isRoot": false,
                "uuid": "2ef1fc15-fd30-45f3-bde6-ee8c42b1451b",
                "parentUUID": "0fef7e12-15c9-4afa-97b9-b8a3f2df4d4f",
                "isHook": false,
                "skipped": false
              },
              {
                "title": "should have an inverse method",
                "fullTitle": "Is #fragment should have an inverse method",
                "timedOut": false,
                "duration": 0,
                "state": "passed",
                "speed": "fast",
                "pass": true,
                "fail": false,
                "pending": false,
                "code": "(0, _chai.expect)(_is2.default.not.fragment).to.be.a('function');",
                "err": {},
                "isRoot": false,
                "uuid": "5414bc2d-68f3-4007-b629-3e467260b697",
                "parentUUID": "0fef7e12-15c9-4afa-97b9-b8a3f2df4d4f",
                "isHook": false,
                "skipped": false
              },
              {
                "title": "should check the nodeType property",
                "fullTitle": "Is #fragment should check the nodeType property",
                "timedOut": false,
                "duration": 0,
                "state": "passed",
                "speed": "fast",
                "pass": true,
                "fail": false,
                "pending": false,
                "code": "(0, _chai.expect)(_is2.default.fragment({ nodeType: 11 })).to.be.true;",
                "err": {},
                "isRoot": false,
                "uuid": "8514caaa-a2b6-4b4d-9d01-e445ffbe7295",
                "parentUUID": "0fef7e12-15c9-4afa-97b9-b8a3f2df4d4f",
                "isHook": false,
                "skipped": false
              }
            ],
            "pending": [],
            "root": false,
            "_timeout": 2000,
            "file": "\\test\\index.js",
            "uuid": "0fef7e12-15c9-4afa-97b9-b8a3f2df4d4f",
            "beforeHooks": [],
            "afterHooks": [],
            "fullFile": "C:\\Users\\Francis\\Documents\\Projects\\helpers\\test\\index.js",
            "passes": [
              {
                "title": "should be an existent function",
                "fullTitle": "Is #fragment should be an existent function",
                "timedOut": false,
                "duration": 0,
                "state": "passed",
                "speed": "fast",
                "pass": true,
                "fail": false,
                "pending": false,
                "code": "(0, _chai.expect)(_is2.default.fragment).to.be.a('function');",
                "err": {},
                "isRoot": false,
                "uuid": "2ef1fc15-fd30-45f3-bde6-ee8c42b1451b",
                "parentUUID": "0fef7e12-15c9-4afa-97b9-b8a3f2df4d4f",
                "isHook": false,
                "skipped": false
              },
              {
                "title": "should have an inverse method",
                "fullTitle": "Is #fragment should have an inverse method",
                "timedOut": false,
                "duration": 0,
                "state": "passed",
                "speed": "fast",
                "pass": true,
                "fail": false,
                "pending": false,
                "code": "(0, _chai.expect)(_is2.default.not.fragment).to.be.a('function');",
                "err": {},
                "isRoot": false,
                "uuid": "5414bc2d-68f3-4007-b629-3e467260b697",
                "parentUUID": "0fef7e12-15c9-4afa-97b9-b8a3f2df4d4f",
                "isHook": false,
                "skipped": false
              },
              {
                "title": "should check the nodeType property",
                "fullTitle": "Is #fragment should check the nodeType property",
                "timedOut": false,
                "duration": 0,
                "state": "passed",
                "speed": "fast",
                "pass": true,
                "fail": false,
                "pending": false,
                "code": "(0, _chai.expect)(_is2.default.fragment({ nodeType: 11 })).to.be.true;",
                "err": {},
                "isRoot": false,
                "uuid": "8514caaa-a2b6-4b4d-9d01-e445ffbe7295",
                "parentUUID": "0fef7e12-15c9-4afa-97b9-b8a3f2df4d4f",
                "isHook": false,
                "skipped": false
              }
            ],
            "failures": [],
            "skipped": [],
            "hasBeforeHooks": false,
            "hasAfterHooks": false,
            "hasTests": true,
            "hasSuites": false,
            "totalTests": 3,
            "totalPasses": 3,
            "totalFailures": 0,
            "totalPending": 0,
            "totalSkipped": 0,
            "hasPasses": true,
            "hasFailures": false,
            "hasPending": false,
            "hasSkipped": false,
            "duration": 0,
            "rootEmpty": false
          },
          {
            "title": "#text",
            "suites": [],
            "tests": [
              {
                "title": "should be an existent function",
                "fullTitle": "Is #text should be an existent function",
                "timedOut": false,
                "duration": 0,
                "state": "passed",
                "speed": "fast",
                "pass": true,
                "fail": false,
                "pending": false,
                "code": "(0, _chai.expect)(_is2.default.text).to.be.a('function');",
                "err": {},
                "isRoot": false,
                "uuid": "1caf25ed-bfb9-4d6f-82a7-8ec74da929b8",
                "parentUUID": "5d34e87d-0b6b-4d14-9fa7-38c8fff32e98",
                "isHook": false,
                "skipped": false
              },
              {
                "title": "should have an inverse method",
                "fullTitle": "Is #text should have an inverse method",
                "timedOut": false,
                "duration": 0,
                "state": "passed",
                "speed": "fast",
                "pass": true,
                "fail": false,
                "pending": false,
                "code": "(0, _chai.expect)(_is2.default.not.text).to.be.a('function');",
                "err": {},
                "isRoot": false,
                "uuid": "8973144a-f53a-4bdf-b5dd-139547e0278e",
                "parentUUID": "5d34e87d-0b6b-4d14-9fa7-38c8fff32e98",
                "isHook": false,
                "skipped": false
              },
              {
                "title": "should check the nodeType property",
                "fullTitle": "Is #text should check the nodeType property",
                "timedOut": false,
                "duration": 0,
                "state": "passed",
                "speed": "fast",
                "pass": true,
                "fail": false,
                "pending": false,
                "code": "(0, _chai.expect)(_is2.default.text({ nodeType: 3 })).to.be.true;",
                "err": {},
                "isRoot": false,
                "uuid": "338a9588-ab89-4a4f-8cdf-95b704157c65",
                "parentUUID": "5d34e87d-0b6b-4d14-9fa7-38c8fff32e98",
                "isHook": false,
                "skipped": false
              }
            ],
            "pending": [],
            "root": false,
            "_timeout": 2000,
            "file": "\\test\\index.js",
            "uuid": "5d34e87d-0b6b-4d14-9fa7-38c8fff32e98",
            "beforeHooks": [],
            "afterHooks": [],
            "fullFile": "C:\\Users\\Francis\\Documents\\Projects\\helpers\\test\\index.js",
            "passes": [
              {
                "title": "should be an existent function",
                "fullTitle": "Is #text should be an existent function",
                "timedOut": false,
                "duration": 0,
                "state": "passed",
                "speed": "fast",
                "pass": true,
                "fail": false,
                "pending": false,
                "code": "(0, _chai.expect)(_is2.default.text).to.be.a('function');",
                "err": {},
                "isRoot": false,
                "uuid": "1caf25ed-bfb9-4d6f-82a7-8ec74da929b8",
                "parentUUID": "5d34e87d-0b6b-4d14-9fa7-38c8fff32e98",
                "isHook": false,
                "skipped": false
              },
              {
                "title": "should have an inverse method",
                "fullTitle": "Is #text should have an inverse method",
                "timedOut": false,
                "duration": 0,
                "state": "passed",
                "speed": "fast",
                "pass": true,
                "fail": false,
                "pending": false,
                "code": "(0, _chai.expect)(_is2.default.not.text).to.be.a('function');",
                "err": {},
                "isRoot": false,
                "uuid": "8973144a-f53a-4bdf-b5dd-139547e0278e",
                "parentUUID": "5d34e87d-0b6b-4d14-9fa7-38c8fff32e98",
                "isHook": false,
                "skipped": false
              },
              {
                "title": "should check the nodeType property",
                "fullTitle": "Is #text should check the nodeType property",
                "timedOut": false,
                "duration": 0,
                "state": "passed",
                "speed": "fast",
                "pass": true,
                "fail": false,
                "pending": false,
                "code": "(0, _chai.expect)(_is2.default.text({ nodeType: 3 })).to.be.true;",
                "err": {},
                "isRoot": false,
                "uuid": "338a9588-ab89-4a4f-8cdf-95b704157c65",
                "parentUUID": "5d34e87d-0b6b-4d14-9fa7-38c8fff32e98",
                "isHook": false,
                "skipped": false
              }
            ],
            "failures": [],
            "skipped": [],
            "hasBeforeHooks": false,
            "hasAfterHooks": false,
            "hasTests": true,
            "hasSuites": false,
            "totalTests": 3,
            "totalPasses": 3,
            "totalFailures": 0,
            "totalPending": 0,
            "totalSkipped": 0,
            "hasPasses": true,
            "hasFailures": false,
            "hasPending": false,
            "hasSkipped": false,
            "duration": 0,
            "rootEmpty": false
          },
          {
            "title": "#equal",
            "suites": [],
            "tests": [
              {
                "title": "should be an existent function",
                "fullTitle": "Is #equal should be an existent function",
                "timedOut": false,
                "duration": 0,
                "state": "passed",
                "speed": "fast",
                "pass": true,
                "fail": false,
                "pending": false,
                "code": "(0, _chai.expect)(_is2.default.equal).to.be.a('function');",
                "err": {},
                "isRoot": false,
                "uuid": "2e979dcb-27cd-496e-9a3d-229087ace2ad",
                "parentUUID": "91d22e19-a77f-4fc6-8a84-21356540ce29",
                "isHook": false,
                "skipped": false
              },
              {
                "title": "should have an inverse method",
                "fullTitle": "Is #equal should have an inverse method",
                "timedOut": false,
                "duration": 1,
                "state": "passed",
                "speed": "fast",
                "pass": true,
                "fail": false,
                "pending": false,
                "code": "(0, _chai.expect)(_is2.default.not.equal).to.be.a('function');",
                "err": {},
                "isRoot": false,
                "uuid": "0ed7bc99-134a-4d0a-8aeb-e7e2ba5ec305",
                "parentUUID": "91d22e19-a77f-4fc6-8a84-21356540ce29",
                "isHook": false,
                "skipped": false
              }
            ],
            "pending": [],
            "root": false,
            "_timeout": 2000,
            "file": "\\test\\index.js",
            "uuid": "91d22e19-a77f-4fc6-8a84-21356540ce29",
            "beforeHooks": [],
            "afterHooks": [],
            "fullFile": "C:\\Users\\Francis\\Documents\\Projects\\helpers\\test\\index.js",
            "passes": [
              {
                "title": "should be an existent function",
                "fullTitle": "Is #equal should be an existent function",
                "timedOut": false,
                "duration": 0,
                "state": "passed",
                "speed": "fast",
                "pass": true,
                "fail": false,
                "pending": false,
                "code": "(0, _chai.expect)(_is2.default.equal).to.be.a('function');",
                "err": {},
                "isRoot": false,
                "uuid": "2e979dcb-27cd-496e-9a3d-229087ace2ad",
                "parentUUID": "91d22e19-a77f-4fc6-8a84-21356540ce29",
                "isHook": false,
                "skipped": false
              },
              {
                "title": "should have an inverse method",
                "fullTitle": "Is #equal should have an inverse method",
                "timedOut": false,
                "duration": 1,
                "state": "passed",
                "speed": "fast",
                "pass": true,
                "fail": false,
                "pending": false,
                "code": "(0, _chai.expect)(_is2.default.not.equal).to.be.a('function');",
                "err": {},
                "isRoot": false,
                "uuid": "0ed7bc99-134a-4d0a-8aeb-e7e2ba5ec305",
                "parentUUID": "91d22e19-a77f-4fc6-8a84-21356540ce29",
                "isHook": false,
                "skipped": false
              }
            ],
            "failures": [],
            "skipped": [],
            "hasBeforeHooks": false,
            "hasAfterHooks": false,
            "hasTests": true,
            "hasSuites": false,
            "totalTests": 2,
            "totalPasses": 2,
            "totalFailures": 0,
            "totalPending": 0,
            "totalSkipped": 0,
            "hasPasses": true,
            "hasFailures": false,
            "hasPending": false,
            "hasSkipped": false,
            "duration": 1,
            "rootEmpty": false
          },
          {
            "title": "existent",
            "suites": [],
            "tests": [
              {
                "title": "should be an existent funciton",
                "fullTitle": "Is existent should be an existent funciton",
                "timedOut": false,
                "duration": 0,
                "state": "passed",
                "speed": "fast",
                "pass": true,
                "fail": false,
                "pending": false,
                "code": "(0, _chai.expect)(_is2.default.existent).to.be.a('function');",
                "err": {},
                "isRoot": false,
                "uuid": "14b58175-036d-43cd-ab23-c2df7e084063",
                "parentUUID": "a3be8503-20fd-4135-923f-c23b8a99c263",
                "isHook": false,
                "skipped": false
              },
              {
                "title": "should have an inverse method",
                "fullTitle": "Is existent should have an inverse method",
                "timedOut": false,
                "duration": 0,
                "state": "passed",
                "speed": "fast",
                "pass": true,
                "fail": false,
                "pending": false,
                "code": "(0, _chai.expect)(_is2.default.not.existent).to.be.a('function');",
                "err": {},
                "isRoot": false,
                "uuid": "1a23b89e-2a59-432b-bc52-06612363e450",
                "parentUUID": "a3be8503-20fd-4135-923f-c23b8a99c263",
                "isHook": false,
                "skipped": false
              }
            ],
            "pending": [],
            "root": false,
            "_timeout": 2000,
            "file": "\\test\\index.js",
            "uuid": "a3be8503-20fd-4135-923f-c23b8a99c263",
            "beforeHooks": [],
            "afterHooks": [],
            "fullFile": "C:\\Users\\Francis\\Documents\\Projects\\helpers\\test\\index.js",
            "passes": [
              {
                "title": "should be an existent funciton",
                "fullTitle": "Is existent should be an existent funciton",
                "timedOut": false,
                "duration": 0,
                "state": "passed",
                "speed": "fast",
                "pass": true,
                "fail": false,
                "pending": false,
                "code": "(0, _chai.expect)(_is2.default.existent).to.be.a('function');",
                "err": {},
                "isRoot": false,
                "uuid": "14b58175-036d-43cd-ab23-c2df7e084063",
                "parentUUID": "a3be8503-20fd-4135-923f-c23b8a99c263",
                "isHook": false,
                "skipped": false
              },
              {
                "title": "should have an inverse method",
                "fullTitle": "Is existent should have an inverse method",
                "timedOut": false,
                "duration": 0,
                "state": "passed",
                "speed": "fast",
                "pass": true,
                "fail": false,
                "pending": false,
                "code": "(0, _chai.expect)(_is2.default.not.existent).to.be.a('function');",
                "err": {},
                "isRoot": false,
                "uuid": "1a23b89e-2a59-432b-bc52-06612363e450",
                "parentUUID": "a3be8503-20fd-4135-923f-c23b8a99c263",
                "isHook": false,
                "skipped": false
              }
            ],
            "failures": [],
            "skipped": [],
            "hasBeforeHooks": false,
            "hasAfterHooks": false,
            "hasTests": true,
            "hasSuites": false,
            "totalTests": 2,
            "totalPasses": 2,
            "totalFailures": 0,
            "totalPending": 0,
            "totalSkipped": 0,
            "hasPasses": true,
            "hasFailures": false,
            "hasPending": false,
            "hasSkipped": false,
            "duration": 0,
            "rootEmpty": false
          }
        ],
        "tests": [],
        "pending": [],
        "root": false,
        "_timeout": 2000,
        "file": "\\test\\index.js",
        "uuid": "8000f679-e89d-4260-af2c-e2abd0d3b4cd",
        "beforeHooks": [],
        "afterHooks": [],
        "fullFile": "C:\\Users\\Francis\\Documents\\Projects\\helpers\\test\\index.js",
        "passes": [],
        "failures": [],
        "skipped": [],
        "hasBeforeHooks": false,
        "hasAfterHooks": false,
        "hasTests": false,
        "hasSuites": true,
        "totalTests": 0,
        "totalPasses": 0,
        "totalFailures": 0,
        "totalPending": 0,
        "totalSkipped": 0,
        "hasPasses": false,
        "hasFailures": false,
        "hasPending": false,
        "hasSkipped": false,
        "duration": 0,
        "rootEmpty": false
      },
      {
        "title": "Query",
        "suites": [
          {
            "title": "#where()",
            "suites": [],
            "tests": [
              {
                "title": "should be an existent method",
                "fullTitle": "Query #where() should be an existent method",
                "timedOut": false,
                "duration": 0,
                "state": "passed",
                "speed": "fast",
                "pass": true,
                "fail": false,
                "pending": false,
                "code": "(0, _chai.expect)(query.where).to.be.a('function');",
                "err": {},
                "isRoot": false,
                "uuid": "babe60e2-0353-42b6-a3aa-629b5baef65a",
                "parentUUID": "b3c74120-c61d-4d5b-891b-b923016ebac9",
                "isHook": false,
                "skipped": false
              }
            ],
            "pending": [],
            "root": false,
            "_timeout": 2000,
            "file": "\\test\\index.js",
            "uuid": "b3c74120-c61d-4d5b-891b-b923016ebac9",
            "beforeHooks": [],
            "afterHooks": [],
            "fullFile": "C:\\Users\\Francis\\Documents\\Projects\\helpers\\test\\index.js",
            "passes": [
              {
                "title": "should be an existent method",
                "fullTitle": "Query #where() should be an existent method",
                "timedOut": false,
                "duration": 0,
                "state": "passed",
                "speed": "fast",
                "pass": true,
                "fail": false,
                "pending": false,
                "code": "(0, _chai.expect)(query.where).to.be.a('function');",
                "err": {},
                "isRoot": false,
                "uuid": "babe60e2-0353-42b6-a3aa-629b5baef65a",
                "parentUUID": "b3c74120-c61d-4d5b-891b-b923016ebac9",
                "isHook": false,
                "skipped": false
              }
            ],
            "failures": [],
            "skipped": [],
            "hasBeforeHooks": false,
            "hasAfterHooks": false,
            "hasTests": true,
            "hasSuites": false,
            "totalTests": 1,
            "totalPasses": 1,
            "totalFailures": 0,
            "totalPending": 0,
            "totalSkipped": 0,
            "hasPasses": true,
            "hasFailures": false,
            "hasPending": false,
            "hasSkipped": false,
            "duration": 0,
            "rootEmpty": false
          },
          {
            "title": "#select()",
            "suites": [],
            "tests": [
              {
                "title": "should be an existent method",
                "fullTitle": "Query #select() should be an existent method",
                "timedOut": false,
                "duration": 0,
                "state": "passed",
                "speed": "fast",
                "pass": true,
                "fail": false,
                "pending": false,
                "code": "(0, _chai.expect)(query.select).to.be.a('function');",
                "err": {},
                "isRoot": false,
                "uuid": "a6a2caa0-895a-4c3b-911c-534f001a7053",
                "parentUUID": "a672e91c-e9f2-4dae-801e-196946c0e0f9",
                "isHook": false,
                "skipped": false
              }
            ],
            "pending": [],
            "root": false,
            "_timeout": 2000,
            "file": "\\test\\index.js",
            "uuid": "a672e91c-e9f2-4dae-801e-196946c0e0f9",
            "beforeHooks": [],
            "afterHooks": [],
            "fullFile": "C:\\Users\\Francis\\Documents\\Projects\\helpers\\test\\index.js",
            "passes": [
              {
                "title": "should be an existent method",
                "fullTitle": "Query #select() should be an existent method",
                "timedOut": false,
                "duration": 0,
                "state": "passed",
                "speed": "fast",
                "pass": true,
                "fail": false,
                "pending": false,
                "code": "(0, _chai.expect)(query.select).to.be.a('function');",
                "err": {},
                "isRoot": false,
                "uuid": "a6a2caa0-895a-4c3b-911c-534f001a7053",
                "parentUUID": "a672e91c-e9f2-4dae-801e-196946c0e0f9",
                "isHook": false,
                "skipped": false
              }
            ],
            "failures": [],
            "skipped": [],
            "hasBeforeHooks": false,
            "hasAfterHooks": false,
            "hasTests": true,
            "hasSuites": false,
            "totalTests": 1,
            "totalPasses": 1,
            "totalFailures": 0,
            "totalPending": 0,
            "totalSkipped": 0,
            "hasPasses": true,
            "hasFailures": false,
            "hasPending": false,
            "hasSkipped": false,
            "duration": 0,
            "rootEmpty": false
          },
          {
            "title": "#unique",
            "suites": [],
            "tests": [
              {
                "title": "should be an existent object",
                "fullTitle": "Query #unique should be an existent object",
                "timedOut": false,
                "duration": 0,
                "state": "passed",
                "speed": "fast",
                "pass": true,
                "fail": false,
                "pending": false,
                "code": "(0, _chai.expect)(query.unique).to.be.an('object');",
                "err": {},
                "isRoot": false,
                "uuid": "239e97b1-c050-4309-b3d8-90bdebc97c7b",
                "parentUUID": "628feccc-f581-4779-b7fa-55a2a282e26b",
                "isHook": false,
                "skipped": false
              }
            ],
            "pending": [],
            "root": false,
            "_timeout": 2000,
            "file": "\\test\\index.js",
            "uuid": "628feccc-f581-4779-b7fa-55a2a282e26b",
            "beforeHooks": [],
            "afterHooks": [],
            "fullFile": "C:\\Users\\Francis\\Documents\\Projects\\helpers\\test\\index.js",
            "passes": [
              {
                "title": "should be an existent object",
                "fullTitle": "Query #unique should be an existent object",
                "timedOut": false,
                "duration": 0,
                "state": "passed",
                "speed": "fast",
                "pass": true,
                "fail": false,
                "pending": false,
                "code": "(0, _chai.expect)(query.unique).to.be.an('object');",
                "err": {},
                "isRoot": false,
                "uuid": "239e97b1-c050-4309-b3d8-90bdebc97c7b",
                "parentUUID": "628feccc-f581-4779-b7fa-55a2a282e26b",
                "isHook": false,
                "skipped": false
              }
            ],
            "failures": [],
            "skipped": [],
            "hasBeforeHooks": false,
            "hasAfterHooks": false,
            "hasTests": true,
            "hasSuites": false,
            "totalTests": 1,
            "totalPasses": 1,
            "totalFailures": 0,
            "totalPending": 0,
            "totalSkipped": 0,
            "hasPasses": true,
            "hasFailures": false,
            "hasPending": false,
            "hasSkipped": false,
            "duration": 0,
            "rootEmpty": false
          }
        ],
        "tests": [],
        "pending": [],
        "root": false,
        "_timeout": 2000,
        "file": "\\test\\index.js",
        "uuid": "116ae55f-0bac-4542-a44e-8811ebdbbe77",
        "beforeHooks": [],
        "afterHooks": [],
        "fullFile": "C:\\Users\\Francis\\Documents\\Projects\\helpers\\test\\index.js",
        "passes": [],
        "failures": [],
        "skipped": [],
        "hasBeforeHooks": false,
        "hasAfterHooks": false,
        "hasTests": false,
        "hasSuites": true,
        "totalTests": 0,
        "totalPasses": 0,
        "totalFailures": 0,
        "totalPending": 0,
        "totalSkipped": 0,
        "hasPasses": false,
        "hasFailures": false,
        "hasPending": false,
        "hasSkipped": false,
        "duration": 0,
        "rootEmpty": false
      },
      {
        "title": "array()",
        "suites": [],
        "tests": [
          {
            "title": "should be a function",
            "fullTitle": "array() should be a function",
            "timedOut": false,
            "duration": 0,
            "state": "passed",
            "speed": "fast",
            "pass": true,
            "fail": false,
            "pending": false,
            "code": "(0, _chai.expect)(_array2.default).to.be.a('function');",
            "err": {},
            "isRoot": false,
            "uuid": "5431e235-448e-4889-b295-fc29124e2b21",
            "parentUUID": "4d501974-c7df-4919-965d-45b9efdc65ad",
            "isHook": false,
            "skipped": false
          },
          {
            "title": "should respond to an arguments object",
            "fullTitle": "array() should respond to an arguments object",
            "timedOut": false,
            "duration": 0,
            "pass": false,
            "fail": false,
            "pending": true,
            "code": "",
            "err": {},
            "isRoot": false,
            "uuid": "32fe5c33-bf11-4bdc-a820-8f72b564fb35",
            "parentUUID": "4d501974-c7df-4919-965d-45b9efdc65ad",
            "isHook": false,
            "skipped": false
          },
          {
            "title": "should return with an array",
            "fullTitle": "array() should return with an array",
            "timedOut": false,
            "duration": 0,
            "state": "passed",
            "speed": "fast",
            "pass": true,
            "fail": false,
            "pending": false,
            "code": "var parameters;\nparameters = (0, _array2.default)(_arguments);\n(0, _chai.expect)(parameters).to.be.an('array');",
            "err": {},
            "isRoot": false,
            "uuid": "2b4ffcc6-3aea-413d-8c7c-34c8f0ca2396",
            "parentUUID": "4d501974-c7df-4919-965d-45b9efdc65ad",
            "isHook": false,
            "skipped": false
          }
        ],
        "pending": [
          {
            "title": "should respond to an arguments object",
            "fullTitle": "array() should respond to an arguments object",
            "timedOut": false,
            "duration": 0,
            "pass": false,
            "fail": false,
            "pending": true,
            "code": "",
            "err": {},
            "isRoot": false,
            "uuid": "32fe5c33-bf11-4bdc-a820-8f72b564fb35",
            "parentUUID": "4d501974-c7df-4919-965d-45b9efdc65ad",
            "isHook": false,
            "skipped": false
          }
        ],
        "root": false,
        "_timeout": 2000,
        "file": "\\test\\index.js",
        "uuid": "4d501974-c7df-4919-965d-45b9efdc65ad",
        "beforeHooks": [],
        "afterHooks": [],
        "fullFile": "C:\\Users\\Francis\\Documents\\Projects\\helpers\\test\\index.js",
        "passes": [
          {
            "title": "should be a function",
            "fullTitle": "array() should be a function",
            "timedOut": false,
            "duration": 0,
            "state": "passed",
            "speed": "fast",
            "pass": true,
            "fail": false,
            "pending": false,
            "code": "(0, _chai.expect)(_array2.default).to.be.a('function');",
            "err": {},
            "isRoot": false,
            "uuid": "5431e235-448e-4889-b295-fc29124e2b21",
            "parentUUID": "4d501974-c7df-4919-965d-45b9efdc65ad",
            "isHook": false,
            "skipped": false
          },
          {
            "title": "should return with an array",
            "fullTitle": "array() should return with an array",
            "timedOut": false,
            "duration": 0,
            "state": "passed",
            "speed": "fast",
            "pass": true,
            "fail": false,
            "pending": false,
            "code": "var parameters;\nparameters = (0, _array2.default)(_arguments);\n(0, _chai.expect)(parameters).to.be.an('array');",
            "err": {},
            "isRoot": false,
            "uuid": "2b4ffcc6-3aea-413d-8c7c-34c8f0ca2396",
            "parentUUID": "4d501974-c7df-4919-965d-45b9efdc65ad",
            "isHook": false,
            "skipped": false
          }
        ],
        "failures": [],
        "skipped": [],
        "hasBeforeHooks": false,
        "hasAfterHooks": false,
        "hasTests": true,
        "hasSuites": false,
        "totalTests": 3,
        "totalPasses": 2,
        "totalFailures": 0,
        "totalPending": 1,
        "totalSkipped": 0,
        "hasPasses": true,
        "hasFailures": false,
        "hasPending": true,
        "hasSkipped": false,
        "duration": 0,
        "rootEmpty": false
      },
      {
        "title": "attempt()",
        "suites": [],
        "tests": [
          {
            "title": "should be a function",
            "fullTitle": "attempt() should be a function",
            "timedOut": false,
            "duration": 0,
            "state": "passed",
            "speed": "fast",
            "pass": true,
            "fail": false,
            "pending": false,
            "code": "(0, _chai.expect)(_attempt2.default).to.be.a('function');",
            "err": {},
            "isRoot": false,
            "uuid": "fffe1851-1aa6-4c76-ad22-89066d6e0fc8",
            "parentUUID": "1e8b2098-3639-4053-aa62-a7b0445e51e5",
            "isHook": false,
            "skipped": false
          },
          {
            "title": "should save the result if possible",
            "fullTitle": "attempt() should save the result if possible",
            "timedOut": false,
            "duration": 0,
            "state": "passed",
            "speed": "fast",
            "pass": true,
            "fail": false,
            "pending": false,
            "code": "var f = function f(x) {\n  return -~x;\n};\nvar result = (0, _attempt2.default)(f, 1);\n(0, _chai.expect)(result).to.be.equal(2);",
            "err": {},
            "isRoot": false,
            "uuid": "9f1b7640-8f56-4fc3-86c8-7f46ee370575",
            "parentUUID": "1e8b2098-3639-4053-aa62-a7b0445e51e5",
            "isHook": false,
            "skipped": false
          },
          {
            "title": "should revert to original input if no result is given",
            "fullTitle": "attempt() should revert to original input if no result is given",
            "timedOut": false,
            "duration": 0,
            "state": "passed",
            "speed": "fast",
            "pass": true,
            "fail": false,
            "pending": false,
            "code": "var g = function g() {};\nvar result = (0, _attempt2.default)(g, 1);\n(0, _chai.expect)(result).to.be.equal(1);",
            "err": {},
            "isRoot": false,
            "uuid": "df1dc7c3-60e6-4e33-a16e-3e50d9810a38",
            "parentUUID": "1e8b2098-3639-4053-aa62-a7b0445e51e5",
            "isHook": false,
            "skipped": false
          }
        ],
        "pending": [],
        "root": false,
        "_timeout": 2000,
        "file": "\\test\\index.js",
        "uuid": "1e8b2098-3639-4053-aa62-a7b0445e51e5",
        "beforeHooks": [],
        "afterHooks": [],
        "fullFile": "C:\\Users\\Francis\\Documents\\Projects\\helpers\\test\\index.js",
        "passes": [
          {
            "title": "should be a function",
            "fullTitle": "attempt() should be a function",
            "timedOut": false,
            "duration": 0,
            "state": "passed",
            "speed": "fast",
            "pass": true,
            "fail": false,
            "pending": false,
            "code": "(0, _chai.expect)(_attempt2.default).to.be.a('function');",
            "err": {},
            "isRoot": false,
            "uuid": "fffe1851-1aa6-4c76-ad22-89066d6e0fc8",
            "parentUUID": "1e8b2098-3639-4053-aa62-a7b0445e51e5",
            "isHook": false,
            "skipped": false
          },
          {
            "title": "should save the result if possible",
            "fullTitle": "attempt() should save the result if possible",
            "timedOut": false,
            "duration": 0,
            "state": "passed",
            "speed": "fast",
            "pass": true,
            "fail": false,
            "pending": false,
            "code": "var f = function f(x) {\n  return -~x;\n};\nvar result = (0, _attempt2.default)(f, 1);\n(0, _chai.expect)(result).to.be.equal(2);",
            "err": {},
            "isRoot": false,
            "uuid": "9f1b7640-8f56-4fc3-86c8-7f46ee370575",
            "parentUUID": "1e8b2098-3639-4053-aa62-a7b0445e51e5",
            "isHook": false,
            "skipped": false
          },
          {
            "title": "should revert to original input if no result is given",
            "fullTitle": "attempt() should revert to original input if no result is given",
            "timedOut": false,
            "duration": 0,
            "state": "passed",
            "speed": "fast",
            "pass": true,
            "fail": false,
            "pending": false,
            "code": "var g = function g() {};\nvar result = (0, _attempt2.default)(g, 1);\n(0, _chai.expect)(result).to.be.equal(1);",
            "err": {},
            "isRoot": false,
            "uuid": "df1dc7c3-60e6-4e33-a16e-3e50d9810a38",
            "parentUUID": "1e8b2098-3639-4053-aa62-a7b0445e51e5",
            "isHook": false,
            "skipped": false
          }
        ],
        "failures": [],
        "skipped": [],
        "hasBeforeHooks": false,
        "hasAfterHooks": false,
        "hasTests": true,
        "hasSuites": false,
        "totalTests": 3,
        "totalPasses": 3,
        "totalFailures": 0,
        "totalPending": 0,
        "totalSkipped": 0,
        "hasPasses": true,
        "hasFailures": false,
        "hasPending": false,
        "hasSkipped": false,
        "duration": 0,
        "rootEmpty": false
      },
      {
        "title": "clone()",
        "suites": [],
        "tests": [
          {
            "title": "should be a function",
            "fullTitle": "clone() should be a function",
            "timedOut": false,
            "duration": 0,
            "state": "passed",
            "speed": "fast",
            "pass": true,
            "fail": false,
            "pending": false,
            "code": "(0, _chai.expect)(_clone2.default).to.be.a('function');",
            "err": {},
            "isRoot": false,
            "uuid": "f6dfe237-649a-46a3-b04b-b9de7a78939c",
            "parentUUID": "5f6e6439-4593-4091-9e6d-b014397f4dd6",
            "isHook": false,
            "skipped": false
          },
          {
            "title": "should clone an object",
            "fullTitle": "clone() should clone an object",
            "timedOut": false,
            "duration": 0,
            "state": "passed",
            "speed": "fast",
            "pass": true,
            "fail": false,
            "pending": false,
            "code": "var sample = { a: 2 };\nvar copy = (0, _clone2.default)(sample);\n(0, _chai.expect)(copy).to.be.an(typeof sample === 'undefined' ? 'undefined' : _typeof(sample));",
            "err": {},
            "isRoot": false,
            "uuid": "668a6b51-3470-4941-b237-42a9d35306b0",
            "parentUUID": "5f6e6439-4593-4091-9e6d-b014397f4dd6",
            "isHook": false,
            "skipped": false
          },
          {
            "title": "should allow individual mutations",
            "fullTitle": "clone() should allow individual mutations",
            "timedOut": false,
            "duration": 0,
            "state": "passed",
            "speed": "fast",
            "pass": true,
            "fail": false,
            "pending": false,
            "code": "var sample = { a: 2 };\nvar copy = (0, _clone2.default)(sample);\ncopy.a = 1;\n(0, _chai.expect)(sample.a).to.be.eql(2);",
            "err": {},
            "isRoot": false,
            "uuid": "56c10d89-8f87-41b6-88a9-cf8df1e269ea",
            "parentUUID": "5f6e6439-4593-4091-9e6d-b014397f4dd6",
            "isHook": false,
            "skipped": false
          }
        ],
        "pending": [],
        "root": false,
        "_timeout": 2000,
        "file": "\\test\\index.js",
        "uuid": "5f6e6439-4593-4091-9e6d-b014397f4dd6",
        "beforeHooks": [],
        "afterHooks": [],
        "fullFile": "C:\\Users\\Francis\\Documents\\Projects\\helpers\\test\\index.js",
        "passes": [
          {
            "title": "should be a function",
            "fullTitle": "clone() should be a function",
            "timedOut": false,
            "duration": 0,
            "state": "passed",
            "speed": "fast",
            "pass": true,
            "fail": false,
            "pending": false,
            "code": "(0, _chai.expect)(_clone2.default).to.be.a('function');",
            "err": {},
            "isRoot": false,
            "uuid": "f6dfe237-649a-46a3-b04b-b9de7a78939c",
            "parentUUID": "5f6e6439-4593-4091-9e6d-b014397f4dd6",
            "isHook": false,
            "skipped": false
          },
          {
            "title": "should clone an object",
            "fullTitle": "clone() should clone an object",
            "timedOut": false,
            "duration": 0,
            "state": "passed",
            "speed": "fast",
            "pass": true,
            "fail": false,
            "pending": false,
            "code": "var sample = { a: 2 };\nvar copy = (0, _clone2.default)(sample);\n(0, _chai.expect)(copy).to.be.an(typeof sample === 'undefined' ? 'undefined' : _typeof(sample));",
            "err": {},
            "isRoot": false,
            "uuid": "668a6b51-3470-4941-b237-42a9d35306b0",
            "parentUUID": "5f6e6439-4593-4091-9e6d-b014397f4dd6",
            "isHook": false,
            "skipped": false
          },
          {
            "title": "should allow individual mutations",
            "fullTitle": "clone() should allow individual mutations",
            "timedOut": false,
            "duration": 0,
            "state": "passed",
            "speed": "fast",
            "pass": true,
            "fail": false,
            "pending": false,
            "code": "var sample = { a: 2 };\nvar copy = (0, _clone2.default)(sample);\ncopy.a = 1;\n(0, _chai.expect)(sample.a).to.be.eql(2);",
            "err": {},
            "isRoot": false,
            "uuid": "56c10d89-8f87-41b6-88a9-cf8df1e269ea",
            "parentUUID": "5f6e6439-4593-4091-9e6d-b014397f4dd6",
            "isHook": false,
            "skipped": false
          }
        ],
        "failures": [],
        "skipped": [],
        "hasBeforeHooks": false,
        "hasAfterHooks": false,
        "hasTests": true,
        "hasSuites": false,
        "totalTests": 3,
        "totalPasses": 3,
        "totalFailures": 0,
        "totalPending": 0,
        "totalSkipped": 0,
        "hasPasses": true,
        "hasFailures": false,
        "hasPending": false,
        "hasSkipped": false,
        "duration": 0,
        "rootEmpty": false
      },
      {
        "title": "combine()",
        "suites": [],
        "tests": [
          {
            "title": "should be a function",
            "fullTitle": "combine() should be a function",
            "timedOut": false,
            "duration": 0,
            "state": "passed",
            "speed": "fast",
[...]
      "state": "passed",
      "speed": "fast",
      "pass": true,
      "fail": false,
      "pending": false,
      "code": "var f = function f(x) {\n  return x;\n};\n(0, _chai.expect)((0, _curry2.default)(f)).to.equal(f);",
      "err": {},
      "isRoot": false,
      "uuid": "c5c8053b-2049-4c0f-8e68-93e00854b42c",
      "parentUUID": "c810cf8c-9338-4b7a-94e0-c8919632dd29",
      "isHook": false,
      "skipped": false
    },
    {
      "title": "should not immediately call the function",
      "fullTitle": "curry() should not immediately call the function",
      "timedOut": false,
      "duration": 0,
      "state": "passed",
      "speed": "fast",
      "pass": true,
      "fail": false,
      "pending": false,
      "code": "var f = function f() {\n  return true;\n};\nvar g = (0, _curry2.default)(f);\n(0, _chai.expect)(g).to.be.a('function');",
      "err": {},
      "isRoot": false,
      "uuid": "adc83941-3aa6-4625-8423-4c5475c769b4",
      "parentUUID": "c810cf8c-9338-4b7a-94e0-c8919632dd29",
      "isHook": false,
      "skipped": false
    },
    {
      "title": "should still be callable while waiting for parameters",
      "fullTitle": "curry() should still be callable while waiting for parameters",
      "timedOut": false,
      "duration": 0,
      "state": "passed",
      "speed": "fast",
      "pass": true,
      "fail": false,
      "pending": false,
      "code": "var f = function f(x, y) {\n  return x + y;\n};\nvar g = (0, _curry2.default)(f);\nvar h = g(1);\n(0, _chai.expect)(h).to.be.a('function');",
      "err": {},
      "isRoot": false,
      "uuid": "95060d26-c9ba-4291-bb2f-9abee91a9861",
      "parentUUID": "c810cf8c-9338-4b7a-94e0-c8919632dd29",
      "isHook": false,
      "skipped": false
    },
    {
      "title": "should return the expected result when called normally",
      "fullTitle": "curry() should return the expected result when called normally",
      "timedOut": false,
      "duration": 1,
      "state": "passed",
      "speed": "fast",
      "pass": true,
      "fail": false,
      "pending": false,
      "code": "var f = function f(x, y) {\n  return x + y;\n};\nvar g = (0, _curry2.default)(f);\n(0, _chai.expect)(g(2, 3)).to.be.eql(5);",
      "err": {},
      "isRoot": false,
      "uuid": "1eee5e98-408e-45b7-9164-7d1f44e9ff33",
      "parentUUID": "c810cf8c-9338-4b7a-94e0-c8919632dd29",
      "isHook": false,
      "skipped": false
    },
    {
      "title": "should return the expected result when called curried",
      "fullTitle": "curry() should return the expected result when called curried",
      "timedOut": false,
      "duration": 0,
      "state": "passed",
      "speed": "fast",
      "pass": true,
      "fail": false,
      "pending": false,
      "code": "var f = function f(x, y) {\n  return x + y;\n};\nvar g = (0, _curry2.default)(f);\nvar h = g(2);\n(0, _chai.expect)(h(3)).to.be.eql(5);",
      "err": {},
      "isRoot": false,
      "uuid": "85cbc1d1-387e-4ffc-9b55-77384f7e2138",
      "parentUUID": "c810cf8c-9338-4b7a-94e0-c8919632dd29",
      "isHook": false,
      "skipped": false
    },
    {
      "title": "should return the expected result when called repeatedly",
      "fullTitle": "curry() should return the expected result when called repeatedly",
      "timedOut": false,
      "duration": 0,
      "state": "passed",
      "speed": "fast",
      "pass": true,
      "fail": false,
      "pending": false,
      "code": "var f = function f(x, y) {\n  return x + y;\n};\nvar g = (0, _curry2.default)(f);\nvar h = g(2);\nh(3);\n(0, _chai.expect)(h(5)).to.be.eql(7);",
      "err": {},
      "isRoot": false,
      "uuid": "bf7b9e9a-f0be-4559-b8d8-4fe6bd18cb0e",
      "parentUUID": "c810cf8c-9338-4b7a-94e0-c8919632dd29",
      "isHook": false,
      "skipped": false
    },
    {
      "title": "should have a reusable constructor",
      "fullTitle": "curry() should have a reusable constructor",
      "timedOut": false,
      "duration": 0,
      "state": "passed",
      "speed": "fast",
      "pass": true,
      "fail": false,
      "pending": false,
      "code": "var f = function f(x, y) {\n  return x + y;\n};\nvar g = (0, _curry2.default)(f);\ng(2)(3);\n(0, _chai.expect)(g(4)(5)).to.be.eql(9);",
      "err": {},
      "isRoot": false,
      "uuid": "d5469d96-1c13-4683-a20e-f02f3daba1e5",
      "parentUUID": "c810cf8c-9338-4b7a-94e0-c8919632dd29",
      "isHook": false,
      "skipped": false
    },
    {
      "title": "should also work with arrow functions",
      "fullTitle": "curry() should also work with arrow functions",
      "timedOut": false,
      "duration": 0,
      "state": "passed",
      "speed": "fast",
      "pass": true,
      "fail": false,
      "pending": false,
      "code": "var f = function f(x, y) {\n  return x * y;\n};\nvar g = (0, _curry2.default)(f);\n(0, _chai.expect)(g(2, 3)).to.be.eql(6);",
      "err": {},
      "isRoot": false,
      "uuid": "699f85b2-9242-4cb9-a336-673b8d480706",
      "parentUUID": "c810cf8c-9338-4b7a-94e0-c8919632dd29",
      "isHook": false,
      "skipped": false
    },
    {
      "title": "should be a function",
      "fullTitle": "decompose() should be a function",
      "timedOut": false,
      "duration": 0,
      "state": "passed",
      "speed": "fast",
      "pass": true,
      "fail": false,
      "pending": false,
      "code": "(0, _chai.expect)(_decompose2.default).to.be.a('function');",
      "err": {},
      "isRoot": false,
      "uuid": "908f2943-6793-4ab5-8cf5-bb45bce95faa",
      "parentUUID": "9c83f5e5-ea25-4331-9d80-a3276ff5b884",
      "isHook": false,
      "skipped": false
    },
    {
      "title": "should return the expected result",
      "fullTitle": "decompose() should return the expected result",
      "timedOut": false,
      "duration": 1,
      "state": "passed",
      "speed": "fast",
      "pass": true,
      "fail": false,
      "pending": false,
      "code": "var f = function f(x) {\n  return x + 1;\n};\nvar result = (0, _decompose2.default)([f], 1);\n(0, _chai.expect)(result).to.be.eql(2);",
      "err": {},
      "isRoot": false,
      "uuid": "62488d31-7d26-474e-bffd-b7d640424f3c",
      "parentUUID": "9c83f5e5-ea25-4331-9d80-a3276ff5b884",
      "isHook": false,
      "skipped": false
    },
    {
      "title": "should work well with attempts",
      "fullTitle": "decompose() should work well with attempts",
      "timedOut": false,
      "duration": 0,
      "state": "passed",
      "speed": "fast",
      "pass": true,
      "fail": false,
      "pending": false,
      "code": "var f = function f(x) {\n  return x + 1;\n};\nvar g = function g(x) {\n  while (x-- > 0) {}\n};\nvar result = (0, _decompose2.default)([f, g], 1);\n(0, _chai.expect)(result).to.be.eql(2);",
      "err": {},
      "isRoot": false,
      "uuid": "465ac97d-c273-4ad5-8960-41bb38f5ef2e",
      "parentUUID": "9c83f5e5-ea25-4331-9d80-a3276ff5b884",
      "isHook": false,
      "skipped": false
    },
    {
      "title": "should be a function",
      "fullTitle": "equals() should be a function",
      "timedOut": false,
      "duration": 0,
      "state": "passed",
      "speed": "fast",
      "pass": true,
      "fail": false,
      "pending": false,
      "code": "(0, _chai.expect)(_equals2.default).to.be.a('function');",
      "err": {},
      "isRoot": false,
      "uuid": "c845febf-2fa9-43f9-a0f5-ed7cf662ecb3",
      "parentUUID": "e05c8fb8-dfc0-4336-be58-dc4ebf02d951",
      "isHook": false,
      "skipped": false
    },
    {
      "title": "should confirm equality in objects",
      "fullTitle": "equals() should confirm equality in objects",
      "timedOut": false,
      "duration": 0,
      "state": "passed",
      "speed": "fast",
      "pass": true,
      "fail": false,
      "pending": false,
      "code": "(0, _chai.expect)((0, _equals2.default)({ foo: 'bar' }, { foo: 'bar' })).to.be.true;",
      "err": {},
      "isRoot": false,
      "uuid": "2eceb7cd-d3ba-4d27-97f5-c89ec11727d2",
      "parentUUID": "e05c8fb8-dfc0-4336-be58-dc4ebf02d951",
      "isHook": false,
      "skipped": false
    },
    {
      "title": "should deny inequal values",
      "fullTitle": "equals() should deny inequal values",
      "timedOut": false,
      "duration": 0,
      "state": "passed",
      "speed": "fast",
      "pass": true,
      "fail": false,
      "pending": false,
      "code": "(0, _chai.expect)((0, _equals2.default)({ foo: 'bar' }, { foo: 'buzz' })).to.be.false;",
      "err": {},
      "isRoot": false,
      "uuid": "c49200ac-b4e8-4927-bba6-308c4ac7cc08",
      "parentUUID": "e05c8fb8-dfc0-4336-be58-dc4ebf02d951",
      "isHook": false,
      "skipped": false
    },
    {
      "title": "should be a function",
      "fullTitle": "exists() should be a function",
      "timedOut": false,
      "duration": 0,
      "state": "passed",
      "speed": "fast",
      "pass": true,
      "fail": false,
      "pending": false,
      "code": "(0, _chai.expect)(_exists2.default).to.be.a('function');",
      "err": {},
      "isRoot": false,
      "uuid": "1be6f90b-c16d-45cc-908b-725981c6bd8e",
      "parentUUID": "9219ace1-40c8-4bcc-bf49-243e0513d800",
      "isHook": false,
      "skipped": false
    },
    {
      "title": "should deny null",
      "fullTitle": "exists() should deny null",
      "timedOut": false,
      "duration": 0,
      "state": "passed",
      "speed": "fast",
      "pass": true,
      "fail": false,
      "pending": false,
      "code": "(0, _chai.expect)((0, _exists2.default)(null)).to.be.false;",
      "err": {},
      "isRoot": false,
      "uuid": "74df188b-f972-49f3-9d51-81fb43e491ab",
      "parentUUID": "9219ace1-40c8-4bcc-bf49-243e0513d800",
      "isHook": false,
      "skipped": false
    },
    {
      "title": "should deny undefined",
      "fullTitle": "exists() should deny undefined",
      "timedOut": false,
      "duration": 1,
      "state": "passed",
      "speed": "fast",
      "pass": true,
      "fail": false,
      "pending": false,
      "code": "(0, _chai.expect)((0, _exists2.default)(undefined)).to.be.false;",
      "err": {},
      "isRoot": false,
      "uuid": "d305ae98-d5dd-4296-8c23-aa4d11c474f5",
      "parentUUID": "9219ace1-40c8-4bcc-bf49-243e0513d800",
      "isHook": false,
      "skipped": false
    },
    {
      "title": "should accept a boolean value",
      "fullTitle": "exists() should accept a boolean value",
      "timedOut": false,
      "duration": 0,
      "state": "passed",
      "speed": "fast",
      "pass": true,
      "fail": false,
      "pending": false,
      "code": "(0, _chai.expect)((0, _exists2.default)(false)).to.be.true;",
      "err": {},
      "isRoot": false,
      "uuid": "05c56d67-6e2d-4639-94f7-442982dba32a",
      "parentUUID": "9219ace1-40c8-4bcc-bf49-243e0513d800",
      "isHook": false,
      "skipped": false
    },
    {
      "title": "should accept an empty string",
      "fullTitle": "exists() should accept an empty string",
      "timedOut": false,
      "duration": 0,
      "state": "passed",
      "speed": "fast",
      "pass": true,
      "fail": false,
      "pending": false,
      "code": "(0, _chai.expect)((0, _exists2.default)('')).to.be.true;",
      "err": {},
      "isRoot": false,
      "uuid": "24894d99-40f5-4f9f-88d9-3fbe62a38a93",
      "parentUUID": "9219ace1-40c8-4bcc-bf49-243e0513d800",
      "isHook": false,
      "skipped": false
    },
    {
      "title": "should accept an empty array",
      "fullTitle": "exists() should accept an empty array",
      "timedOut": false,
      "duration": 0,
      "state": "passed",
      "speed": "fast",
      "pass": true,
      "fail": false,
      "pending": false,
      "code": "(0, _chai.expect)((0, _exists2.default)([])).to.be.true;",
      "err": {},
      "isRoot": false,
      "uuid": "5114c87f-e531-4c34-9550-ce89ac2c891d",
      "parentUUID": "9219ace1-40c8-4bcc-bf49-243e0513d800",
      "isHook": false,
      "skipped": false
    },
    {
      "title": "should accept an empty object",
      "fullTitle": "exists() should accept an empty object",
      "timedOut": false,
      "duration": 0,
      "state": "passed",
      "speed": "fast",
      "pass": true,
      "fail": false,
      "pending": false,
      "code": "(0, _chai.expect)((0, _exists2.default)({})).to.be.true;",
      "err": {},
      "isRoot": false,
      "uuid": "84c75d9e-0302-4067-9831-944e198decc0",
      "parentUUID": "9219ace1-40c8-4bcc-bf49-243e0513d800",
      "isHook": false,
      "skipped": false
    },
    {
      "title": "should accept worthless numbers",
      "fullTitle": "exists() should accept worthless numbers",
      "timedOut": false,
      "duration": 0,
      "state": "passed",
      "speed": "fast",
      "pass": true,
      "fail": false,
      "pending": false,
      "code": "(0, _chai.expect)((0, _exists2.default)(0)).to.be.true;",
      "err": {},
      "isRoot": false,
      "uuid": "15063d56-83a0-4991-b61e-3c28f0e7ce17",
      "parentUUID": "9219ace1-40c8-4bcc-bf49-243e0513d800",
      "isHook": false,
      "skipped": false
    },
    {
      "title": "should accept not a number",
      "fullTitle": "exists() should accept not a number",
      "timedOut": false,
      "duration": 0,
      "state": "passed",
      "speed": "fast",
      "pass": true,
      "fail": false,
      "pending": false,
      "code": "(0, _chai.expect)((0, _exists2.default)(NaN)).to.be.true;",
      "err": {},
      "isRoot": false,
      "uuid": "c5b89d6c-51c8-43ad-b3b5-692a6c120cf9",
      "parentUUID": "9219ace1-40c8-4bcc-bf49-243e0513d800",
      "isHook": false,
      "skipped": false
    },
    {
      "title": "should be a function",
      "fullTitle": "flatten() should be a function",
      "timedOut": false,
      "duration": 0,
      "state": "passed",
      "speed": "fast",
      "pass": true,
      "fail": false,
      "pending": false,
      "code": "(0, _chai.expect)(_flatten2.default).to.be.a('function');",
      "err": {},
      "isRoot": false,
      "uuid": "127b9e1c-90ab-4646-879e-d706e2b15125",
      "parentUUID": "f816e8db-6bf1-4d79-b6b8-3e3757138049",
      "isHook": false,
      "skipped": false
    },
    {
      "title": "should sift array values downwards",
      "fullTitle": "flatten() should sift array values downwards",
      "timedOut": false,
      "duration": 0,
      "state": "passed",
      "speed": "fast",
      "pass": true,
      "fail": false,
      "pending": false,
      "code": "var flattened = (0, _flatten2.default)(array);\n(0, _chai.expect)(flattened[1]).to.be.eql(2);",
      "err": {},
      "isRoot": false,
      "uuid": "8f37babc-3a26-4972-9896-b65ec8a7cdf9",
      "parentUUID": "f816e8db-6bf1-4d79-b6b8-3e3757138049",
      "isHook": false,
      "skipped": false
    },
    {
      "title": "should be a function",
      "fullTitle": "has() should be a function",
      "timedOut": false,
      "duration": 1,
      "state": "passed",
      "speed": "fast",
      "pass": true,
      "fail": false,
      "pending": false,
      "code": "(0, _chai.expect)(_has2.default).to.be.a('function');",
      "err": {},
      "isRoot": false,
      "uuid": "404dc95a-bd36-4396-a3db-a496e9e57bbd",
      "parentUUID": "f51d8b7e-d62e-45a3-97df-9c98e732c97d",
      "isHook": false,
      "skipped": false
    },
    {
      "title": "should determine objects containment of a property",
      "fullTitle": "has() should determine objects containment of a property",
      "timedOut": false,
      "duration": 0,
      "state": "passed",
      "speed": "fast",
      "pass": true,
      "fail": false,
      "pending": false,
      "code": "var owns = (0, _has2.default)({ foo: 'bar' });\n(0, _chai.expect)(owns('foo')).to.be.true;",
      "err": {},
      "isRoot": false,
      "uuid": "78292031-a9f5-4c9a-b58e-2577490e4577",
      "parentUUID": "f51d8b7e-d62e-45a3-97df-9c98e732c97d",
      "isHook": false,
      "skipped": false
    },
    {
      "title": "should determine objects lack of property",
      "fullTitle": "has() should determine objects lack of property",
      "timedOut": false,
      "duration": 0,
      "state": "passed",
      "speed": "fast",
      "pass": true,
      "fail": false,
      "pending": false,
      "code": "var owns = (0, _has2.default)({ foo: 'bar' });\n(0, _chai.expect)(owns('bar')).to.be.false;",
      "err": {},
      "isRoot": false,
      "uuid": "80f80c4b-b683-4c7b-9400-38140f75733e",
      "parentUUID": "f51d8b7e-d62e-45a3-97df-9c98e732c97d",
      "isHook": false,
      "skipped": false
    },
    {
      "title": "should not be fooled by prototype properties",
      "fullTitle": "has() should not be fooled by prototype properties",
      "timedOut": false,
      "duration": 0,
      "state": "passed",
      "speed": "fast",
      "pass": true,
      "fail": false,
      "pending": false,
      "code": "var owns = (0, _has2.default)({ foo: 'bar' });\n(0, _chai.expect)(owns('toString')).to.be.false;",
      "err": {},
      "isRoot": false,
      "uuid": "f5e83b76-cc1b-478d-bf87-7b21ab8208b2",
      "parentUUID": "f51d8b7e-d62e-45a3-97df-9c98e732c97d",
      "isHook": false,
      "skipped": false
    },
    {
      "title": "should be a function",
      "fullTitle": "#normal() should be a function",
      "timedOut": false,
      "duration": 0,
      "state": "passed",
      "speed": "fast",
      "pass": true,
      "fail": false,
      "pending": false,
      "code": "(0, _chai.expect)(_unique2.default.normal).to.be.a('function');",
      "err": {},
      "isRoot": false,
      "uuid": "0f07741f-905c-4959-a74e-5af795359269",
      "parentUUID": "c098357f-79c3-457c-9e66-b2e869b979dd",
      "isHook": false,
      "skipped": false
    },
    {
      "title": "should be a function",
      "fullTitle": "#filter() should be a function",
      "timedOut": false,
      "duration": 1,
      "state": "passed",
      "speed": "fast",
      "pass": true,
      "fail": false,
      "pending": false,
      "code": "(0, _chai.expect)(_unique2.default.normal).to.be.a('function');",
      "err": {},
      "isRoot": false,
      "uuid": "e9e3c210-6470-4d6a-bad8-7e37b36e4b6f",
      "parentUUID": "a64300b1-2c26-40a5-bfcf-ce7374e896aa",
      "isHook": false,
      "skipped": false
    },
    {
      "title": "should not have duplicates",
      "fullTitle": "#filter() should not have duplicates",
      "timedOut": false,
      "duration": 0,
      "state": "passed",
      "speed": "fast",
      "pass": true,
      "fail": false,
      "pending": false,
      "code": "(0, _chai.expect)(['a', 'a', 'a'].filter(_unique2.default.filter).length).to.be.equal(1);",
      "err": {},
      "isRoot": false,
      "uuid": "be37dc51-50a7-4a1b-b0a4-c236e3dbfd2d",
      "parentUUID": "a64300b1-2c26-40a5-bfcf-ce7374e896aa",
      "isHook": false,
      "skipped": false
    },
    {
      "title": "should be a function",
      "fullTitle": "#reduce() should be a function",
      "timedOut": false,
      "duration": 0,
      "state": "passed",
      "speed": "fast",
      "pass": true,
      "fail": false,
      "pending": false,
      "code": "(0, _chai.expect)(_unique2.default.normal).to.be.a('function');",
      "err": {},
      "isRoot": false,
      "uuid": "4c3f4a5d-6cfd-45f8-a56a-7d1d57582192",
      "parentUUID": "50d6556e-db2d-4087-b14e-ca95f5bce25b",
      "isHook": false,
      "skipped": false
    },
    {
      "title": "should not have duplicates",
      "fullTitle": "#reduce() should not have duplicates",
      "timedOut": false,
      "duration": 0,
      "state": "passed",
      "speed": "fast",
      "pass": true,
      "fail": false,
      "pending": false,
      "code": "(0, _chai.expect)(['a', 'a', 'a'].reduce(_unique2.default.reduce).length).to.be.equal(1);",
      "err": {},
      "isRoot": false,
      "uuid": "905dedbd-2140-46a5-b306-0761e8c1b25e",
      "parentUUID": "50d6556e-db2d-4087-b14e-ca95f5bce25b",
      "isHook": false,
      "skipped": false
    }
  ],
  "allFailures": [],
  "copyrightYear": 2017
}