{
  "stats": {
    "suites": 40,
    "tests": 110,
    "passes": 110,
    "pending": 0,
    "failures": 0,
    "start": "2017-10-02T13:21:44.958Z",
    "end": "2017-10-02T13:21:45.286Z",
    "duration": 328,
    "testsRegistered": 110,
    "passPercent": 100,
    "pendingPercent": 0,
    "other": 0,
    "hasOther": false,
    "skipped": 0,
    "hasSkipped": false,
    "passPercentClass": "success",
    "pendingPercentClass": "danger"
  },
  "suites": {
    "title": "",
    "suites": [
      {
        "title": "Helpers",
        "suites": [
          {
            "title": "#is",
            "suites": [],
            "tests": [
              {
                "title": "should be an existant property",
                "fullTitle": "Helpers #is should be an existant property",
                "timedOut": false,
                "duration": 2,
                "state": "passed",
                "speed": "fast",
                "pass": true,
                "fail": false,
                "pending": false,
                "code": "(0, _chai.expect)(helpers.is).to.exist;",
                "err": {},
                "isRoot": false,
                "uuid": "790763c0-3203-4f40-8791-6f72ae2ce546",
                "parentUUID": "de78f788-7716-48c1-a205-0c1c3aeb148d",
                "isHook": false,
                "skipped": false
              }
            ],
            "pending": [],
            "root": false,
            "_timeout": 2000,
            "file": "\\test\\index.js",
            "uuid": "de78f788-7716-48c1-a205-0c1c3aeb148d",
            "beforeHooks": [],
            "afterHooks": [],
            "fullFile": "C:\\Users\\Francis\\Documents\\Projects\\helpers\\test\\index.js",
            "passes": [
              {
                "title": "should be an existant property",
                "fullTitle": "Helpers #is should be an existant property",
                "timedOut": false,
                "duration": 2,
                "state": "passed",
                "speed": "fast",
                "pass": true,
                "fail": false,
                "pending": false,
                "code": "(0, _chai.expect)(helpers.is).to.exist;",
                "err": {},
                "isRoot": false,
                "uuid": "790763c0-3203-4f40-8791-6f72ae2ce546",
                "parentUUID": "de78f788-7716-48c1-a205-0c1c3aeb148d",
                "isHook": false,
                "skipped": false
              }
            ],
            "failures": [],
            "skipped": [],
            "hasBeforeHooks": false,
            "hasAfterHooks": false,
            "hasTests": true,
            "hasSuites": false,
            "totalTests": 1,
            "totalPasses": 1,
            "totalFailures": 0,
            "totalPending": 0,
            "totalSkipped": 0,
            "hasPasses": true,
            "hasFailures": false,
            "hasPending": false,
            "hasSkipped": false,
            "duration": 2,
            "rootEmpty": false
          },
          {
            "title": "#are",
            "suites": [],
            "tests": [
              {
                "title": "should be an existant property",
                "fullTitle": "Helpers #are should be an existant property",
                "timedOut": false,
                "duration": 0,
                "state": "passed",
                "speed": "fast",
                "pass": true,
                "fail": false,
                "pending": false,
                "code": "(0, _chai.expect)(helpers.are).to.exist;",
                "err": {},
                "isRoot": false,
                "uuid": "52afc1c0-db6c-44b4-82a3-0bf86b406714",
                "parentUUID": "c2487d6a-b9c8-4cc6-865e-ffdc525ad7e9",
                "isHook": false,
                "skipped": false
              }
            ],
            "pending": [],
            "root": false,
            "_timeout": 2000,
            "file": "\\test\\index.js",
            "uuid": "c2487d6a-b9c8-4cc6-865e-ffdc525ad7e9",
            "beforeHooks": [],
            "afterHooks": [],
            "fullFile": "C:\\Users\\Francis\\Documents\\Projects\\helpers\\test\\index.js",
            "passes": [
              {
                "title": "should be an existant property",
                "fullTitle": "Helpers #are should be an existant property",
                "timedOut": false,
                "duration": 0,
                "state": "passed",
                "speed": "fast",
                "pass": true,
                "fail": false,
                "pending": false,
                "code": "(0, _chai.expect)(helpers.are).to.exist;",
                "err": {},
                "isRoot": false,
                "uuid": "52afc1c0-db6c-44b4-82a3-0bf86b406714",
                "parentUUID": "c2487d6a-b9c8-4cc6-865e-ffdc525ad7e9",
                "isHook": false,
                "skipped": false
              }
            ],
            "failures": [],
            "skipped": [],
            "hasBeforeHooks": false,
            "hasAfterHooks": false,
            "hasTests": true,
            "hasSuites": false,
            "totalTests": 1,
            "totalPasses": 1,
            "totalFailures": 0,
            "totalPending": 0,
            "totalSkipped": 0,
            "hasPasses": true,
            "hasFailures": false,
            "hasPending": false,
            "hasSkipped": false,
            "duration": 0,
            "rootEmpty": false
          },
          {
            "title": "#as",
            "suites": [],
            "tests": [
              {
                "title": "should be an existant property",
                "fullTitle": "Helpers #as should be an existant property",
                "timedOut": false,
                "duration": 0,
                "state": "passed",
                "speed": "fast",
                "pass": true,
                "fail": false,
                "pending": false,
                "code": "(0, _chai.expect)(helpers.as).to.exist;",
                "err": {},
                "isRoot": false,
                "uuid": "9de6a256-7db8-428b-857d-19c5a1c072db",
                "parentUUID": "9c1b9681-68eb-4391-9b65-52740b6605ad",
                "isHook": false,
                "skipped": false
              }
            ],
            "pending": [],
            "root": false,
            "_timeout": 2000,
            "file": "\\test\\index.js",
            "uuid": "9c1b9681-68eb-4391-9b65-52740b6605ad",
            "beforeHooks": [],
            "afterHooks": [],
            "fullFile": "C:\\Users\\Francis\\Documents\\Projects\\helpers\\test\\index.js",
            "passes": [
              {
                "title": "should be an existant property",
                "fullTitle": "Helpers #as should be an existant property",
                "timedOut": false,
                "duration": 0,
                "state": "passed",
                "speed": "fast",
                "pass": true,
                "fail": false,
                "pending": false,
                "code": "(0, _chai.expect)(helpers.as).to.exist;",
                "err": {},
                "isRoot": false,
                "uuid": "9de6a256-7db8-428b-857d-19c5a1c072db",
                "parentUUID": "9c1b9681-68eb-4391-9b65-52740b6605ad",
                "isHook": false,
                "skipped": false
              }
            ],
            "failures": [],
            "skipped": [],
            "hasBeforeHooks": false,
            "hasAfterHooks": false,
            "hasTests": true,
            "hasSuites": false,
            "totalTests": 1,
            "totalPasses": 1,
            "totalFailures": 0,
            "totalPending": 0,
            "totalSkipped": 0,
            "hasPasses": true,
            "hasFailures": false,
            "hasPending": false,
            "hasSkipped": false,
            "duration": 0,
            "rootEmpty": false
          },
          {
            "title": "#query",
            "suites": [],
            "tests": [
              {
                "title": "should be an existant property",
                "fullTitle": "Helpers #query should be an existant property",
                "timedOut": false,
                "duration": 0,
                "state": "passed",
                "speed": "fast",
                "pass": true,
                "fail": false,
                "pending": false,
                "code": "(0, _chai.expect)(helpers.query).to.exist;",
                "err": {},
                "isRoot": false,
                "uuid": "34797f81-a964-47b9-b07a-acd982b60a51",
                "parentUUID": "dd9b5a14-8267-4eae-822e-ea534f64c69d",
                "isHook": false,
                "skipped": false
              }
            ],
            "pending": [],
            "root": false,
            "_timeout": 2000,
            "file": "\\test\\index.js",
            "uuid": "dd9b5a14-8267-4eae-822e-ea534f64c69d",
            "beforeHooks": [],
            "afterHooks": [],
            "fullFile": "C:\\Users\\Francis\\Documents\\Projects\\helpers\\test\\index.js",
            "passes": [
              {
                "title": "should be an existant property",
                "fullTitle": "Helpers #query should be an existant property",
                "timedOut": false,
                "duration": 0,
                "state": "passed",
                "speed": "fast",
                "pass": true,
                "fail": false,
                "pending": false,
                "code": "(0, _chai.expect)(helpers.query).to.exist;",
                "err": {},
                "isRoot": false,
                "uuid": "34797f81-a964-47b9-b07a-acd982b60a51",
                "parentUUID": "dd9b5a14-8267-4eae-822e-ea534f64c69d",
                "isHook": false,
                "skipped": false
              }
            ],
            "failures": [],
            "skipped": [],
            "hasBeforeHooks": false,
            "hasAfterHooks": false,
            "hasTests": true,
            "hasSuites": false,
            "totalTests": 1,
            "totalPasses": 1,
            "totalFailures": 0,
            "totalPending": 0,
            "totalSkipped": 0,
            "hasPasses": true,
            "hasFailures": false,
            "hasPending": false,
            "hasSkipped": false,
            "duration": 0,
            "rootEmpty": false
          }
        ],
        "tests": [],
        "pending": [],
        "root": false,
        "_timeout": 2000,
        "file": "\\test\\index.js",
        "uuid": "2270bca6-23e5-4922-b0e2-4cc1333157b8",
        "beforeHooks": [],
        "afterHooks": [],
        "fullFile": "C:\\Users\\Francis\\Documents\\Projects\\helpers\\test\\index.js",
        "passes": [],
        "failures": [],
        "skipped": [],
        "hasBeforeHooks": false,
        "hasAfterHooks": false,
        "hasTests": false,
        "hasSuites": true,
        "totalTests": 0,
        "totalPasses": 0,
        "totalFailures": 0,
        "totalPending": 0,
        "totalSkipped": 0,
        "hasPasses": false,
        "hasFailures": false,
        "hasPending": false,
        "hasSkipped": false,
        "duration": 0,
        "rootEmpty": false
      },
      {
        "title": "As",
        "suites": [
          {
            "title": "#array",
            "suites": [],
            "tests": [
              {
                "title": "should be an existant property",
                "fullTitle": "As #array should be an existant property",
                "timedOut": false,
                "duration": 1,
                "state": "passed",
                "speed": "fast",
                "pass": true,
                "fail": false,
                "pending": false,
                "code": "(0, _chai.expect)(unit.array).to.exist;",
                "err": {},
                "isRoot": false,
                "uuid": "3d758a61-fad1-413c-9543-8992d368f0a0",
                "parentUUID": "158da03c-9e2d-4723-94b5-46e82882ab48",
                "isHook": false,
                "skipped": false
              }
            ],
            "pending": [],
            "root": false,
            "_timeout": 2000,
            "file": "\\test\\index.js",
            "uuid": "158da03c-9e2d-4723-94b5-46e82882ab48",
            "beforeHooks": [],
            "afterHooks": [],
            "fullFile": "C:\\Users\\Francis\\Documents\\Projects\\helpers\\test\\index.js",
            "passes": [
              {
                "title": "should be an existant property",
                "fullTitle": "As #array should be an existant property",
                "timedOut": false,
                "duration": 1,
                "state": "passed",
                "speed": "fast",
                "pass": true,
                "fail": false,
                "pending": false,
                "code": "(0, _chai.expect)(unit.array).to.exist;",
                "err": {},
                "isRoot": false,
                "uuid": "3d758a61-fad1-413c-9543-8992d368f0a0",
                "parentUUID": "158da03c-9e2d-4723-94b5-46e82882ab48",
                "isHook": false,
                "skipped": false
              }
            ],
            "failures": [],
            "skipped": [],
            "hasBeforeHooks": false,
            "hasAfterHooks": false,
            "hasTests": true,
            "hasSuites": false,
            "totalTests": 1,
            "totalPasses": 1,
            "totalFailures": 0,
            "totalPending": 0,
            "totalSkipped": 0,
            "hasPasses": true,
            "hasFailures": false,
            "hasPending": false,
            "hasSkipped": false,
            "duration": 1,
            "rootEmpty": false
          },
          {
            "title": "#pair",
            "suites": [],
            "tests": [
              {
                "title": "should be an existant property",
                "fullTitle": "As #pair should be an existant property",
                "timedOut": false,
                "duration": 0,
                "state": "passed",
                "speed": "fast",
                "pass": true,
                "fail": false,
                "pending": false,
                "code": "(0, _chai.expect)(unit.pair).to.exist;",
                "err": {},
                "isRoot": false,
                "uuid": "3c370843-3ffc-4bfa-a4d2-f6b815835556",
                "parentUUID": "5eac1f1b-adba-4350-8e1b-fd90861247a1",
                "isHook": false,
                "skipped": false
              }
            ],
            "pending": [],
            "root": false,
            "_timeout": 2000,
            "file": "\\test\\index.js",
            "uuid": "5eac1f1b-adba-4350-8e1b-fd90861247a1",
            "beforeHooks": [],
            "afterHooks": [],
            "fullFile": "C:\\Users\\Francis\\Documents\\Projects\\helpers\\test\\index.js",
            "passes": [
              {
                "title": "should be an existant property",
                "fullTitle": "As #pair should be an existant property",
                "timedOut": false,
                "duration": 0,
                "state": "passed",
                "speed": "fast",
                "pass": true,
                "fail": false,
                "pending": false,
                "code": "(0, _chai.expect)(unit.pair).to.exist;",
                "err": {},
                "isRoot": false,
                "uuid": "3c370843-3ffc-4bfa-a4d2-f6b815835556",
                "parentUUID": "5eac1f1b-adba-4350-8e1b-fd90861247a1",
                "isHook": false,
                "skipped": false
              }
            ],
            "failures": [],
            "skipped": [],
            "hasBeforeHooks": false,
            "hasAfterHooks": false,
            "hasTests": true,
            "hasSuites": false,
            "totalTests": 1,
            "totalPasses": 1,
            "totalFailures": 0,
            "totalPending": 0,
            "totalSkipped": 0,
            "hasPasses": true,
            "hasFailures": false,
            "hasPending": false,
            "hasSkipped": false,
            "duration": 0,
            "rootEmpty": false
          },
          {
            "title": "#method",
            "suites": [],
            "tests": [
              {
                "title": "should be an existant property",
                "fullTitle": "As #method should be an existant property",
                "timedOut": false,
                "duration": 0,
                "state": "passed",
                "speed": "fast",
                "pass": true,
                "fail": false,
                "pending": false,
                "code": "(0, _chai.expect)(unit.method).to.exist;",
                "err": {},
                "isRoot": false,
                "uuid": "564f6dca-43c3-45b4-981b-746ad06aa3da",
                "parentUUID": "c95c1ed1-7e6f-4a5b-a7c4-196b047f356c",
                "isHook": false,
                "skipped": false
              }
            ],
            "pending": [],
            "root": false,
            "_timeout": 2000,
            "file": "\\test\\index.js",
            "uuid": "c95c1ed1-7e6f-4a5b-a7c4-196b047f356c",
            "beforeHooks": [],
            "afterHooks": [],
            "fullFile": "C:\\Users\\Francis\\Documents\\Projects\\helpers\\test\\index.js",
            "passes": [
              {
                "title": "should be an existant property",
                "fullTitle": "As #method should be an existant property",
                "timedOut": false,
                "duration": 0,
                "state": "passed",
                "speed": "fast",
                "pass": true,
                "fail": false,
                "pending": false,
                "code": "(0, _chai.expect)(unit.method).to.exist;",
                "err": {},
                "isRoot": false,
                "uuid": "564f6dca-43c3-45b4-981b-746ad06aa3da",
                "parentUUID": "c95c1ed1-7e6f-4a5b-a7c4-196b047f356c",
                "isHook": false,
                "skipped": false
              }
            ],
            "failures": [],
            "skipped": [],
            "hasBeforeHooks": false,
            "hasAfterHooks": false,
            "hasTests": true,
            "hasSuites": false,
            "totalTests": 1,
            "totalPasses": 1,
            "totalFailures": 0,
            "totalPending": 0,
            "totalSkipped": 0,
            "hasPasses": true,
            "hasFailures": false,
            "hasPending": false,
            "hasSkipped": false,
            "duration": 0,
            "rootEmpty": false
          },
          {
            "title": "#flatten",
            "suites": [],
            "tests": [
              {
                "title": "should be an existant property",
                "fullTitle": "As #flatten should be an existant property",
                "timedOut": false,
                "duration": 0,
                "state": "passed",
                "speed": "fast",
                "pass": true,
                "fail": false,
                "pending": false,
                "code": "(0, _chai.expect)(unit.flatten).to.exist;",
                "err": {},
                "isRoot": false,
                "uuid": "efce1a26-facd-48e9-9884-033527146e95",
                "parentUUID": "f2dfd46c-d07a-4b63-bf54-bb064275566b",
                "isHook": false,
                "skipped": false
              }
            ],
            "pending": [],
            "root": false,
            "_timeout": 2000,
            "file": "\\test\\index.js",
            "uuid": "f2dfd46c-d07a-4b63-bf54-bb064275566b",
            "beforeHooks": [],
            "afterHooks": [],
            "fullFile": "C:\\Users\\Francis\\Documents\\Projects\\helpers\\test\\index.js",
            "passes": [
              {
                "title": "should be an existant property",
                "fullTitle": "As #flatten should be an existant property",
                "timedOut": false,
                "duration": 0,
                "state": "passed",
                "speed": "fast",
                "pass": true,
                "fail": false,
                "pending": false,
                "code": "(0, _chai.expect)(unit.flatten).to.exist;",
                "err": {},
                "isRoot": false,
                "uuid": "efce1a26-facd-48e9-9884-033527146e95",
                "parentUUID": "f2dfd46c-d07a-4b63-bf54-bb064275566b",
                "isHook": false,
                "skipped": false
              }
            ],
            "failures": [],
            "skipped": [],
            "hasBeforeHooks": false,
            "hasAfterHooks": false,
            "hasTests": true,
            "hasSuites": false,
            "totalTests": 1,
            "totalPasses": 1,
            "totalFailures": 0,
            "totalPending": 0,
            "totalSkipped": 0,
            "hasPasses": true,
            "hasFailures": false,
            "hasPending": false,
            "hasSkipped": false,
            "duration": 0,
            "rootEmpty": false
          },
          {
            "title": "#decomposed",
            "suites": [],
            "tests": [
              {
                "title": "should be an existant property",
                "fullTitle": "As #decomposed should be an existant property",
                "timedOut": false,
                "duration": 0,
                "state": "passed",
                "speed": "fast",
                "pass": true,
                "fail": false,
                "pending": false,
                "code": "(0, _chai.expect)(unit.decomposed).to.exist;",
                "err": {},
                "isRoot": false,
                "uuid": "e0b6baf8-a857-45e2-971e-58f313423f43",
                "parentUUID": "fc103da3-02d8-400d-9496-e4ed0e9ae1f1",
                "isHook": false,
                "skipped": false
              }
            ],
            "pending": [],
            "root": false,
            "_timeout": 2000,
            "file": "\\test\\index.js",
            "uuid": "fc103da3-02d8-400d-9496-e4ed0e9ae1f1",
            "beforeHooks": [],
            "afterHooks": [],
            "fullFile": "C:\\Users\\Francis\\Documents\\Projects\\helpers\\test\\index.js",
            "passes": [
              {
                "title": "should be an existant property",
                "fullTitle": "As #decomposed should be an existant property",
                "timedOut": false,
                "duration": 0,
                "state": "passed",
                "speed": "fast",
                "pass": true,
                "fail": false,
                "pending": false,
                "code": "(0, _chai.expect)(unit.decomposed).to.exist;",
                "err": {},
                "isRoot": false,
                "uuid": "e0b6baf8-a857-45e2-971e-58f313423f43",
                "parentUUID": "fc103da3-02d8-400d-9496-e4ed0e9ae1f1",
                "isHook": false,
                "skipped": false
              }
            ],
            "failures": [],
            "skipped": [],
            "hasBeforeHooks": false,
            "hasAfterHooks": false,
            "hasTests": true,
            "hasSuites": false,
            "totalTests": 1,
            "totalPasses": 1,
            "totalFailures": 0,
            "totalPending": 0,
            "totalSkipped": 0,
            "hasPasses": true,
            "hasFailures": false,
            "hasPending": false,
            "hasSkipped": false,
            "duration": 0,
            "rootEmpty": false
          },
          {
            "title": "#attempt",
            "suites": [],
            "tests": [
              {
                "title": "should be an existant property",
                "fullTitle": "As #attempt should be an existant property",
                "timedOut": false,
                "duration": 0,
                "state": "passed",
                "speed": "fast",
                "pass": true,
                "fail": false,
                "pending": false,
                "code": "(0, _chai.expect)(unit.attempt).to.exist;",
                "err": {},
                "isRoot": false,
                "uuid": "12534436-0e75-4559-982c-589685024433",
                "parentUUID": "8f26dfc5-2e78-4e71-83a4-9907e08b69e6",
                "isHook": false,
                "skipped": false
              }
            ],
            "pending": [],
            "root": false,
            "_timeout": 2000,
            "file": "\\test\\index.js",
            "uuid": "8f26dfc5-2e78-4e71-83a4-9907e08b69e6",
            "beforeHooks": [],
            "afterHooks": [],
            "fullFile": "C:\\Users\\Francis\\Documents\\Projects\\helpers\\test\\index.js",
            "passes": [
              {
                "title": "should be an existant property",
                "fullTitle": "As #attempt should be an existant property",
                "timedOut": false,
                "duration": 0,
                "state": "passed",
                "speed": "fast",
                "pass": true,
                "fail": false,
                "pending": false,
                "code": "(0, _chai.expect)(unit.attempt).to.exist;",
                "err": {},
                "isRoot": false,
                "uuid": "12534436-0e75-4559-982c-589685024433",
                "parentUUID": "8f26dfc5-2e78-4e71-83a4-9907e08b69e6",
                "isHook": false,
                "skipped": false
              }
            ],
            "failures": [],
            "skipped": [],
            "hasBeforeHooks": false,
            "hasAfterHooks": false,
            "hasTests": true,
            "hasSuites": false,
            "totalTests": 1,
            "totalPasses": 1,
            "totalFailures": 0,
            "totalPending": 0,
            "totalSkipped": 0,
            "hasPasses": true,
            "hasFailures": false,
            "hasPending": false,
            "hasSkipped": false,
            "duration": 0,
            "rootEmpty": false
          }
        ],
        "tests": [
          {
            "title": "should be an object",
            "fullTitle": "As should be an object",
            "timedOut": false,
            "duration": 1,
            "state": "passed",
            "speed": "fast",
            "pass": true,
            "fail": false,
            "pending": false,
            "code": "(0, _chai.expect)(unit).to.be.an('object');",
            "err": {},
            "isRoot": false,
            "uuid": "6b9281a0-c5a3-4e6b-99a8-ae2b60844aeb",
            "parentUUID": "01ae9805-a767-4f51-b840-5210779a5c1b",
            "isHook": false,
            "skipped": false
          }
        ],
        "pending": [],
        "root": false,
        "_timeout": 2000,
        "file": "\\test\\index.js",
        "uuid": "01ae9805-a767-4f51-b840-5210779a5c1b",
        "beforeHooks": [],
        "afterHooks": [],
        "fullFile": "C:\\Users\\Francis\\Documents\\Projects\\helpers\\test\\index.js",
        "passes": [
          {
            "title": "should be an object",
            "fullTitle": "As should be an object",
            "timedOut": false,
            "duration": 1,
            "state": "passed",
            "speed": "fast",
            "pass": true,
            "fail": false,
            "pending": false,
            "code": "(0, _chai.expect)(unit).to.be.an('object');",
            "err": {},
            "isRoot": false,
            "uuid": "6b9281a0-c5a3-4e6b-99a8-ae2b60844aeb",
            "parentUUID": "01ae9805-a767-4f51-b840-5210779a5c1b",
            "isHook": false,
            "skipped": false
          }
        ],
        "failures": [],
        "skipped": [],
        "hasBeforeHooks": false,
        "hasAfterHooks": false,
        "hasTests": true,
        "hasSuites": true,
        "totalTests": 1,
        "totalPasses": 1,
        "totalFailures": 0,
        "totalPending": 0,
        "totalSkipped": 0,
        "hasPasses": true,
        "hasFailures": false,
        "hasPending": false,
        "hasSkipped": false,
        "duration": 1,
        "rootEmpty": false
      },
      {
        "title": "Is",
        "suites": [
          {
            "title": "#not",
            "suites": [],
            "tests": [
              {
                "title": "should be a generated property",
                "fullTitle": "Is #not should be a generated property",
                "timedOut": false,
                "duration": 0,
                "state": "passed",
                "speed": "fast",
                "pass": true,
                "fail": false,
                "pending": false,
                "code": "(0, _chai.expect)(_is2.default.not).to.exist;",
                "err": {},
                "isRoot": false,
                "uuid": "26448f46-98dc-4957-a43c-ddbbaf3b8bb1",
                "parentUUID": "da4f0e7c-1a46-4f40-aee8-a6a21bb54773",
                "isHook": false,
                "skipped": false
              }
            ],
            "pending": [],
            "root": false,
            "_timeout": 2000,
            "file": "\\test\\index.js",
            "uuid": "da4f0e7c-1a46-4f40-aee8-a6a21bb54773",
            "beforeHooks": [],
            "afterHooks": [],
            "fullFile": "C:\\Users\\Francis\\Documents\\Projects\\helpers\\test\\index.js",
            "passes": [
              {
                "title": "should be a generated property",
                "fullTitle": "Is #not should be a generated property",
                "timedOut": false,
                "duration": 0,
                "state": "passed",
                "speed": "fast",
                "pass": true,
                "fail": false,
                "pending": false,
                "code": "(0, _chai.expect)(_is2.default.not).to.exist;",
                "err": {},
                "isRoot": false,
                "uuid": "26448f46-98dc-4957-a43c-ddbbaf3b8bb1",
                "parentUUID": "da4f0e7c-1a46-4f40-aee8-a6a21bb54773",
                "isHook": false,
                "skipped": false
              }
            ],
            "failures": [],
            "skipped": [],
            "hasBeforeHooks": false,
            "hasAfterHooks": false,
            "hasTests": true,
            "hasSuites": false,
            "totalTests": 1,
            "totalPasses": 1,
            "totalFailures": 0,
            "totalPending": 0,
            "totalSkipped": 0,
            "hasPasses": true,
            "hasFailures": false,
            "hasPending": false,
            "hasSkipped": false,
            "duration": 0,
            "rootEmpty": false
          },
          {
            "title": "#element",
            "suites": [],
            "tests": [
              {
                "title": "should be an existent function",
                "fullTitle": "Is #element should be an existent function",
                "timedOut": false,
                "duration": 0,
                "state": "passed",
                "speed": "fast",
                "pass": true,
                "fail": false,
                "pending": false,
                "code": "(0, _chai.expect)(_is2.default.element).to.be.a('function');",
                "err": {},
                "isRoot": false,
                "uuid": "ce289e48-63b2-47d0-94fb-eb3fa1397e9d",
                "parentUUID": "da08ac7f-421b-4503-a3dc-ac36296de067",
                "isHook": false,
                "skipped": false
              },
              {
                "title": "should have an inverse method",
                "fullTitle": "Is #element should have an inverse method",
                "timedOut": false,
                "duration": 0,
                "state": "passed",
                "speed": "fast",
                "pass": true,
                "fail": false,
                "pending": false,
                "code": "(0, _chai.expect)(_is2.default.not.element).to.be.a('function');",
                "err": {},
                "isRoot": false,
                "uuid": "e77088f8-0d72-44eb-897f-4ac933aa8181",
                "parentUUID": "da08ac7f-421b-4503-a3dc-ac36296de067",
                "isHook": false,
                "skipped": false
              },
              {
                "title": "should check the nodeType property",
                "fullTitle": "Is #element should check the nodeType property",
                "timedOut": false,
                "duration": 0,
                "state": "passed",
                "speed": "fast",
                "pass": true,
                "fail": false,
                "pending": false,
                "code": "(0, _chai.expect)(_is2.default.element({ nodeType: 1 })).to.be.true;",
                "err": {},
                "isRoot": false,
                "uuid": "baca0cbc-1ede-47f0-8938-77cf46369ac5",
                "parentUUID": "da08ac7f-421b-4503-a3dc-ac36296de067",
                "isHook": false,
                "skipped": false
              }
            ],
            "pending": [],
            "root": false,
            "_timeout": 2000,
            "file": "\\test\\index.js",
            "uuid": "da08ac7f-421b-4503-a3dc-ac36296de067",
            "beforeHooks": [],
            "afterHooks": [],
            "fullFile": "C:\\Users\\Francis\\Documents\\Projects\\helpers\\test\\index.js",
            "passes": [
              {
                "title": "should be an existent function",
                "fullTitle": "Is #element should be an existent function",
                "timedOut": false,
                "duration": 0,
                "state": "passed",
                "speed": "fast",
                "pass": true,
                "fail": false,
                "pending": false,
                "code": "(0, _chai.expect)(_is2.default.element).to.be.a('function');",
                "err": {},
                "isRoot": false,
                "uuid": "ce289e48-63b2-47d0-94fb-eb3fa1397e9d",
                "parentUUID": "da08ac7f-421b-4503-a3dc-ac36296de067",
                "isHook": false,
                "skipped": false
              },
              {
                "title": "should have an inverse method",
                "fullTitle": "Is #element should have an inverse method",
                "timedOut": false,
                "duration": 0,
                "state": "passed",
                "speed": "fast",
                "pass": true,
                "fail": false,
                "pending": false,
                "code": "(0, _chai.expect)(_is2.default.not.element).to.be.a('function');",
                "err": {},
                "isRoot": false,
                "uuid": "e77088f8-0d72-44eb-897f-4ac933aa8181",
                "parentUUID": "da08ac7f-421b-4503-a3dc-ac36296de067",
                "isHook": false,
                "skipped": false
              },
              {
                "title": "should check the nodeType property",
                "fullTitle": "Is #element should check the nodeType property",
                "timedOut": false,
                "duration": 0,
                "state": "passed",
                "speed": "fast",
                "pass": true,
                "fail": false,
                "pending": false,
                "code": "(0, _chai.expect)(_is2.default.element({ nodeType: 1 })).to.be.true;",
                "err": {},
                "isRoot": false,
                "uuid": "baca0cbc-1ede-47f0-8938-77cf46369ac5",
                "parentUUID": "da08ac7f-421b-4503-a3dc-ac36296de067",
                "isHook": false,
                "skipped": false
              }
            ],
            "failures": [],
            "skipped": [],
            "hasBeforeHooks": false,
            "hasAfterHooks": false,
            "hasTests": true,
            "hasSuites": false,
            "totalTests": 3,
            "totalPasses": 3,
            "totalFailures": 0,
            "totalPending": 0,
            "totalSkipped": 0,
            "hasPasses": true,
            "hasFailures": false,
            "hasPending": false,
            "hasSkipped": false,
            "duration": 0,
            "rootEmpty": false
          },
          {
            "title": "#fragment",
            "suites": [],
            "tests": [
              {
                "title": "should be an existent function",
                "fullTitle": "Is #fragment should be an existent function",
                "timedOut": false,
                "duration": 0,
                "state": "passed",
                "speed": "fast",
                "pass": true,
                "fail": false,
                "pending": false,
                "code": "(0, _chai.expect)(_is2.default.fragment).to.be.a('function');",
                "err": {},
                "isRoot": false,
                "uuid": "0a175488-9093-4edc-b6d7-09d20178231f",
                "parentUUID": "80a13e45-0691-43bd-af8f-d7a199c959ea",
                "isHook": false,
                "skipped": false
              },
              {
                "title": "should have an inverse method",
                "fullTitle": "Is #fragment should have an inverse method",
                "timedOut": false,
                "duration": 0,
                "state": "passed",
                "speed": "fast",
                "pass": true,
                "fail": false,
                "pending": false,
                "code": "(0, _chai.expect)(_is2.default.not.fragment).to.be.a('function');",
                "err": {},
                "isRoot": false,
                "uuid": "2271aab8-8d0c-43ab-a318-ada4090f479f",
                "parentUUID": "80a13e45-0691-43bd-af8f-d7a199c959ea",
                "isHook": false,
                "skipped": false
              },
              {
                "title": "should check the nodeType property",
                "fullTitle": "Is #fragment should check the nodeType property",
                "timedOut": false,
                "duration": 0,
                "state": "passed",
                "speed": "fast",
                "pass": true,
                "fail": false,
                "pending": false,
                "code": "(0, _chai.expect)(_is2.default.fragment({ nodeType: 11 })).to.be.true;",
                "err": {},
                "isRoot": false,
                "uuid": "ea18cd4d-332e-4e2b-b418-b1ca23cd80e1",
                "parentUUID": "80a13e45-0691-43bd-af8f-d7a199c959ea",
                "isHook": false,
                "skipped": false
              }
            ],
            "pending": [],
            "root": false,
            "_timeout": 2000,
            "file": "\\test\\index.js",
            "uuid": "80a13e45-0691-43bd-af8f-d7a199c959ea",
            "beforeHooks": [],
            "afterHooks": [],
            "fullFile": "C:\\Users\\Francis\\Documents\\Projects\\helpers\\test\\index.js",
            "passes": [
              {
                "title": "should be an existent function",
                "fullTitle": "Is #fragment should be an existent function",
                "timedOut": false,
                "duration": 0,
                "state": "passed",
                "speed": "fast",
                "pass": true,
                "fail": false,
                "pending": false,
                "code": "(0, _chai.expect)(_is2.default.fragment).to.be.a('function');",
                "err": {},
                "isRoot": false,
                "uuid": "0a175488-9093-4edc-b6d7-09d20178231f",
                "parentUUID": "80a13e45-0691-43bd-af8f-d7a199c959ea",
                "isHook": false,
                "skipped": false
              },
              {
                "title": "should have an inverse method",
                "fullTitle": "Is #fragment should have an inverse method",
                "timedOut": false,
                "duration": 0,
                "state": "passed",
                "speed": "fast",
                "pass": true,
                "fail": false,
                "pending": false,
                "code": "(0, _chai.expect)(_is2.default.not.fragment).to.be.a('function');",
                "err": {},
                "isRoot": false,
                "uuid": "2271aab8-8d0c-43ab-a318-ada4090f479f",
                "parentUUID": "80a13e45-0691-43bd-af8f-d7a199c959ea",
                "isHook": false,
                "skipped": false
              },
              {
                "title": "should check the nodeType property",
                "fullTitle": "Is #fragment should check the nodeType property",
                "timedOut": false,
                "duration": 0,
                "state": "passed",
                "speed": "fast",
                "pass": true,
                "fail": false,
                "pending": false,
                "code": "(0, _chai.expect)(_is2.default.fragment({ nodeType: 11 })).to.be.true;",
                "err": {},
                "isRoot": false,
                "uuid": "ea18cd4d-332e-4e2b-b418-b1ca23cd80e1",
                "parentUUID": "80a13e45-0691-43bd-af8f-d7a199c959ea",
                "isHook": false,
                "skipped": false
              }
            ],
            "failures": [],
            "skipped": [],
            "hasBeforeHooks": false,
            "hasAfterHooks": false,
            "hasTests": true,
            "hasSuites": false,
            "totalTests": 3,
            "totalPasses": 3,
            "totalFailures": 0,
            "totalPending": 0,
            "totalSkipped": 0,
            "hasPasses": true,
            "hasFailures": false,
            "hasPending": false,
            "hasSkipped": false,
            "duration": 0,
            "rootEmpty": false
          },
          {
            "title": "#text",
            "suites": [],
            "tests": [
              {
                "title": "should be an existent function",
                "fullTitle": "Is #text should be an existent function",
                "timedOut": false,
                "duration": 0,
                "state": "passed",
                "speed": "fast",
                "pass": true,
                "fail": false,
                "pending": false,
                "code": "(0, _chai.expect)(_is2.default.text).to.be.a('function');",
                "err": {},
                "isRoot": false,
                "uuid": "e942238b-5958-4264-bcff-4ea62154d3ef",
                "parentUUID": "ee32a911-c6e1-4321-9166-c2f36988171b",
                "isHook": false,
                "skipped": false
              },
              {
                "title": "should have an inverse method",
                "fullTitle": "Is #text should have an inverse method",
                "timedOut": false,
                "duration": 0,
                "state": "passed",
                "speed": "fast",
                "pass": true,
                "fail": false,
                "pending": false,
                "code": "(0, _chai.expect)(_is2.default.not.text).to.be.a('function');",
                "err": {},
                "isRoot": false,
                "uuid": "f08e4df2-2f4a-49f7-9835-705d6cbaab93",
                "parentUUID": "ee32a911-c6e1-4321-9166-c2f36988171b",
                "isHook": false,
                "skipped": false
              },
              {
                "title": "should check the nodeType property",
                "fullTitle": "Is #text should check the nodeType property",
                "timedOut": false,
                "duration": 0,
                "state": "passed",
                "speed": "fast",
                "pass": true,
                "fail": false,
                "pending": false,
                "code": "(0, _chai.expect)(_is2.default.text({ nodeType: 3 })).to.be.true;",
                "err": {},
                "isRoot": false,
                "uuid": "1783b599-8580-4708-a2e3-aa4a790a23fd",
                "parentUUID": "ee32a911-c6e1-4321-9166-c2f36988171b",
                "isHook": false,
                "skipped": false
              }
            ],
            "pending": [],
            "root": false,
            "_timeout": 2000,
            "file": "\\test\\index.js",
            "uuid": "ee32a911-c6e1-4321-9166-c2f36988171b",
            "beforeHooks": [],
            "afterHooks": [],
            "fullFile": "C:\\Users\\Francis\\Documents\\Projects\\helpers\\test\\index.js",
            "passes": [
              {
                "title": "should be an existent function",
                "fullTitle": "Is #text should be an existent function",
                "timedOut": false,
                "duration": 0,
                "state": "passed",
                "speed": "fast",
                "pass": true,
                "fail": false,
                "pending": false,
                "code": "(0, _chai.expect)(_is2.default.text).to.be.a('function');",
                "err": {},
                "isRoot": false,
                "uuid": "e942238b-5958-4264-bcff-4ea62154d3ef",
                "parentUUID": "ee32a911-c6e1-4321-9166-c2f36988171b",
                "isHook": false,
                "skipped": false
              },
              {
                "title": "should have an inverse method",
                "fullTitle": "Is #text should have an inverse method",
                "timedOut": false,
                "duration": 0,
                "state": "passed",
                "speed": "fast",
                "pass": true,
                "fail": false,
                "pending": false,
                "code": "(0, _chai.expect)(_is2.default.not.text).to.be.a('function');",
                "err": {},
                "isRoot": false,
                "uuid": "f08e4df2-2f4a-49f7-9835-705d6cbaab93",
                "parentUUID": "ee32a911-c6e1-4321-9166-c2f36988171b",
                "isHook": false,
                "skipped": false
              },
              {
                "title": "should check the nodeType property",
                "fullTitle": "Is #text should check the nodeType property",
                "timedOut": false,
                "duration": 0,
                "state": "passed",
                "speed": "fast",
                "pass": true,
                "fail": false,
                "pending": false,
                "code": "(0, _chai.expect)(_is2.default.text({ nodeType: 3 })).to.be.true;",
                "err": {},
                "isRoot": false,
                "uuid": "1783b599-8580-4708-a2e3-aa4a790a23fd",
                "parentUUID": "ee32a911-c6e1-4321-9166-c2f36988171b",
                "isHook": false,
                "skipped": false
              }
            ],
            "failures": [],
            "skipped": [],
            "hasBeforeHooks": false,
            "hasAfterHooks": false,
            "hasTests": true,
            "hasSuites": false,
            "totalTests": 3,
            "totalPasses": 3,
            "totalFailures": 0,
            "totalPending": 0,
            "totalSkipped": 0,
            "hasPasses": true,
            "hasFailures": false,
            "hasPending": false,
            "hasSkipped": false,
            "duration": 0,
            "rootEmpty": false
          },
          {
            "title": "#equal",
            "suites": [],
            "tests": [
              {
                "title": "should be an existent function",
                "fullTitle": "Is #equal should be an existent function",
                "timedOut": false,
                "duration": 0,
                "state": "passed",
                "speed": "fast",
                "pass": true,
                "fail": false,
                "pending": false,
                "code": "(0, _chai.expect)(_is2.default.equal).to.be.a('function');",
                "err": {},
                "isRoot": false,
                "uuid": "2209b5fb-619a-4bd0-a368-7019914a95ea",
                "parentUUID": "3783bfaa-298c-4068-8296-ccce37326586",
                "isHook": false,
                "skipped": false
              },
              {
                "title": "should have an inverse method",
                "fullTitle": "Is #equal should have an inverse method",
                "timedOut": false,
                "duration": 0,
                "state": "passed",
                "speed": "fast",
                "pass": true,
                "fail": false,
                "pending": false,
                "code": "(0, _chai.expect)(_is2.default.not.equal).to.be.a('function');",
                "err": {},
                "isRoot": false,
                "uuid": "1ae74972-8b0b-42e5-865a-7be35ac46d29",
                "parentUUID": "3783bfaa-298c-4068-8296-ccce37326586",
                "isHook": false,
                "skipped": false
              }
            ],
            "pending": [],
            "root": false,
            "_timeout": 2000,
            "file": "\\test\\index.js",
            "uuid": "3783bfaa-298c-4068-8296-ccce37326586",
            "beforeHooks": [],
            "afterHooks": [],
            "fullFile": "C:\\Users\\Francis\\Documents\\Projects\\helpers\\test\\index.js",
            "passes": [
              {
                "title": "should be an existent function",
                "fullTitle": "Is #equal should be an existent function",
                "timedOut": false,
                "duration": 0,
                "state": "passed",
                "speed": "fast",
                "pass": true,
                "fail": false,
                "pending": false,
                "code": "(0, _chai.expect)(_is2.default.equal).to.be.a('function');",
                "err": {},
                "isRoot": false,
                "uuid": "2209b5fb-619a-4bd0-a368-7019914a95ea",
                "parentUUID": "3783bfaa-298c-4068-8296-ccce37326586",
                "isHook": false,
                "skipped": false
              },
              {
                "title": "should have an inverse method",
                "fullTitle": "Is #equal should have an inverse method",
                "timedOut": false,
                "duration": 0,
                "state": "passed",
                "speed": "fast",
                "pass": true,
                "fail": false,
                "pending": false,
                "code": "(0, _chai.expect)(_is2.default.not.equal).to.be.a('function');",
                "err": {},
                "isRoot": false,
                "uuid": "1ae74972-8b0b-42e5-865a-7be35ac46d29",
                "parentUUID": "3783bfaa-298c-4068-8296-ccce37326586",
                "isHook": false,
                "skipped": false
              }
            ],
            "failures": [],
            "skipped": [],
            "hasBeforeHooks": false,
            "hasAfterHooks": false,
            "hasTests": true,
            "hasSuites": false,
            "totalTests": 2,
            "totalPasses": 2,
            "totalFailures": 0,
            "totalPending": 0,
            "totalSkipped": 0,
            "hasPasses": true,
            "hasFailures": false,
            "hasPending": false,
            "hasSkipped": false,
            "duration": 0,
            "rootEmpty": false
          },
          {
            "title": "existent",
            "suites": [],
            "tests": [
              {
                "title": "should be an existent funciton",
                "fullTitle": "Is existent should be an existent funciton",
                "timedOut": false,
                "duration": 0,
                "state": "passed",
                "speed": "fast",
                "pass": true,
                "fail": false,
                "pending": false,
                "code": "(0, _chai.expect)(_is2.default.existent).to.be.a('function');",
                "err": {},
                "isRoot": false,
                "uuid": "11e8efa1-ee4d-4a3d-b737-44ca02d99c05",
                "parentUUID": "e767cf94-df92-401f-af2c-f1772d5233df",
                "isHook": false,
                "skipped": false
              },
              {
                "title": "should have an inverse method",
                "fullTitle": "Is existent should have an inverse method",
                "timedOut": false,
                "duration": 0,
                "state": "passed",
                "speed": "fast",
                "pass": true,
                "fail": false,
                "pending": false,
                "code": "(0, _chai.expect)(_is2.default.not.existent).to.be.a('function');",
                "err": {},
                "isRoot": false,
                "uuid": "4471167b-7399-499b-a760-05431b65e5f9",
                "parentUUID": "e767cf94-df92-401f-af2c-f1772d5233df",
                "isHook": false,
                "skipped": false
              }
            ],
            "pending": [],
            "root": false,
            "_timeout": 2000,
            "file": "\\test\\index.js",
            "uuid": "e767cf94-df92-401f-af2c-f1772d5233df",
            "beforeHooks": [],
            "afterHooks": [],
            "fullFile": "C:\\Users\\Francis\\Documents\\Projects\\helpers\\test\\index.js",
            "passes": [
              {
                "title": "should be an existent funciton",
                "fullTitle": "Is existent should be an existent funciton",
                "timedOut": false,
                "duration": 0,
                "state": "passed",
                "speed": "fast",
                "pass": true,
                "fail": false,
                "pending": false,
                "code": "(0, _chai.expect)(_is2.default.existent).to.be.a('function');",
                "err": {},
                "isRoot": false,
                "uuid": "11e8efa1-ee4d-4a3d-b737-44ca02d99c05",
                "parentUUID": "e767cf94-df92-401f-af2c-f1772d5233df",
                "isHook": false,
                "skipped": false
              },
              {
                "title": "should have an inverse method",
                "fullTitle": "Is existent should have an inverse method",
                "timedOut": false,
                "duration": 0,
                "state": "passed",
                "speed": "fast",
                "pass": true,
                "fail": false,
                "pending": false,
                "code": "(0, _chai.expect)(_is2.default.not.existent).to.be.a('function');",
                "err": {},
                "isRoot": false,
                "uuid": "4471167b-7399-499b-a760-05431b65e5f9",
                "parentUUID": "e767cf94-df92-401f-af2c-f1772d5233df",
                "isHook": false,
                "skipped": false
              }
            ],
            "failures": [],
            "skipped": [],
            "hasBeforeHooks": false,
            "hasAfterHooks": false,
            "hasTests": true,
            "hasSuites": false,
            "totalTests": 2,
            "totalPasses": 2,
            "totalFailures": 0,
            "totalPending": 0,
            "totalSkipped": 0,
            "hasPasses": true,
            "hasFailures": false,
            "hasPending": false,
            "hasSkipped": false,
            "duration": 0,
            "rootEmpty": false
          }
        ],
        "tests": [],
        "pending": [],
        "root": false,
        "_timeout": 2000,
        "file": "\\test\\index.js",
        "uuid": "3dca26f0-9086-4f57-a63e-de3e30a71957",
        "beforeHooks": [],
        "afterHooks": [],
        "fullFile": "C:\\Users\\Francis\\Documents\\Projects\\helpers\\test\\index.js",
        "passes": [],
        "failures": [],
        "skipped": [],
        "hasBeforeHooks": false,
        "hasAfterHooks": false,
        "hasTests": false,
        "hasSuites": true,
        "totalTests": 0,
        "totalPasses": 0,
        "totalFailures": 0,
        "totalPending": 0,
        "totalSkipped": 0,
        "hasPasses": false,
        "hasFailures": false,
        "hasPending": false,
        "hasSkipped": false,
        "duration": 0,
        "rootEmpty": false
      },
      {
        "title": "Query",
        "suites": [
          {
            "title": "#where()",
            "suites": [],
            "tests": [
              {
                "title": "should be an existent method",
                "fullTitle": "Query #where() should be an existent method",
                "timedOut": false,
                "duration": 1,
                "state": "passed",
                "speed": "fast",
                "pass": true,
                "fail": false,
                "pending": false,
                "code": "(0, _chai.expect)(query.where).to.be.a('function');",
                "err": {},
                "isRoot": false,
                "uuid": "201b7f50-5ef4-4863-9b5a-661b681ae13c",
                "parentUUID": "5c7dd416-329e-4e10-bc20-e22a615a458f",
                "isHook": false,
                "skipped": false
              }
            ],
            "pending": [],
            "root": false,
            "_timeout": 2000,
            "file": "\\test\\index.js",
            "uuid": "5c7dd416-329e-4e10-bc20-e22a615a458f",
            "beforeHooks": [],
            "afterHooks": [],
            "fullFile": "C:\\Users\\Francis\\Documents\\Projects\\helpers\\test\\index.js",
            "passes": [
              {
                "title": "should be an existent method",
                "fullTitle": "Query #where() should be an existent method",
                "timedOut": false,
                "duration": 1,
                "state": "passed",
                "speed": "fast",
                "pass": true,
                "fail": false,
                "pending": false,
                "code": "(0, _chai.expect)(query.where).to.be.a('function');",
                "err": {},
                "isRoot": false,
                "uuid": "201b7f50-5ef4-4863-9b5a-661b681ae13c",
                "parentUUID": "5c7dd416-329e-4e10-bc20-e22a615a458f",
                "isHook": false,
                "skipped": false
              }
            ],
            "failures": [],
            "skipped": [],
            "hasBeforeHooks": false,
            "hasAfterHooks": false,
            "hasTests": true,
            "hasSuites": false,
            "totalTests": 1,
            "totalPasses": 1,
            "totalFailures": 0,
            "totalPending": 0,
            "totalSkipped": 0,
            "hasPasses": true,
            "hasFailures": false,
            "hasPending": false,
            "hasSkipped": false,
            "duration": 1,
            "rootEmpty": false
          },
          {
            "title": "#select()",
            "suites": [],
            "tests": [
              {
                "title": "should be an existent method",
                "fullTitle": "Query #select() should be an existent method",
                "timedOut": false,
                "duration": 0,
                "state": "passed",
                "speed": "fast",
                "pass": true,
                "fail": false,
                "pending": false,
                "code": "(0, _chai.expect)(query.select).to.be.a('function');",
                "err": {},
                "isRoot": false,
                "uuid": "27a41e98-cb8b-4fef-ab62-8ec2744a01c0",
                "parentUUID": "65652fb0-8916-4d56-91e2-fb7e2a81c632",
                "isHook": false,
                "skipped": false
              }
            ],
            "pending": [],
            "root": false,
            "_timeout": 2000,
            "file": "\\test\\index.js",
            "uuid": "65652fb0-8916-4d56-91e2-fb7e2a81c632",
            "beforeHooks": [],
            "afterHooks": [],
            "fullFile": "C:\\Users\\Francis\\Documents\\Projects\\helpers\\test\\index.js",
            "passes": [
              {
                "title": "should be an existent method",
                "fullTitle": "Query #select() should be an existent method",
                "timedOut": false,
                "duration": 0,
                "state": "passed",
                "speed": "fast",
                "pass": true,
                "fail": false,
                "pending": false,
                "code": "(0, _chai.expect)(query.select).to.be.a('function');",
                "err": {},
                "isRoot": false,
                "uuid": "27a41e98-cb8b-4fef-ab62-8ec2744a01c0",
                "parentUUID": "65652fb0-8916-4d56-91e2-fb7e2a81c632",
                "isHook": false,
                "skipped": false
              }
            ],
            "failures": [],
            "skipped": [],
            "hasBeforeHooks": false,
            "hasAfterHooks": false,
            "hasTests": true,
            "hasSuites": false,
            "totalTests": 1,
            "totalPasses": 1,
            "totalFailures": 0,
            "totalPending": 0,
            "totalSkipped": 0,
            "hasPasses": true,
            "hasFailures": false,
            "hasPending": false,
            "hasSkipped": false,
            "duration": 0,
            "rootEmpty": false
          },
          {
            "title": "#unique",
            "suites": [],
            "tests": [
              {
                "title": "should be an existent object",
                "fullTitle": "Query #unique should be an existent object",
                "timedOut": false,
                "duration": 0,
                "state": "passed",
                "speed": "fast",
                "pass": true,
                "fail": false,
                "pending": false,
                "code": "(0, _chai.expect)(query.unique).to.be.an('object');",
                "err": {},
                "isRoot": false,
                "uuid": "3c969403-4988-424c-9c8a-5a518113bc1f",
                "parentUUID": "a21cfa2f-2e5d-4c97-a8e6-ecd3e4caf2df",
                "isHook": false,
                "skipped": false
              }
            ],
            "pending": [],
            "root": false,
            "_timeout": 2000,
            "file": "\\test\\index.js",
            "uuid": "a21cfa2f-2e5d-4c97-a8e6-ecd3e4caf2df",
            "beforeHooks": [],
            "afterHooks": [],
            "fullFile": "C:\\Users\\Francis\\Documents\\Projects\\helpers\\test\\index.js",
            "passes": [
              {
                "title": "should be an existent object",
                "fullTitle": "Query #unique should be an existent object",
                "timedOut": false,
                "duration": 0,
                "state": "passed",
                "speed": "fast",
                "pass": true,
                "fail": false,
                "pending": false,
                "code": "(0, _chai.expect)(query.unique).to.be.an('object');",
                "err": {},
                "isRoot": false,
                "uuid": "3c969403-4988-424c-9c8a-5a518113bc1f",
                "parentUUID": "a21cfa2f-2e5d-4c97-a8e6-ecd3e4caf2df",
                "isHook": false,
                "skipped": false
              }
            ],
            "failures": [],
            "skipped": [],
            "hasBeforeHooks": false,
            "hasAfterHooks": false,
            "hasTests": true,
            "hasSuites": false,
            "totalTests": 1,
            "totalPasses": 1,
            "totalFailures": 0,
            "totalPending": 0,
            "totalSkipped": 0,
            "hasPasses": true,
            "hasFailures": false,
            "hasPending": false,
            "hasSkipped": false,
            "duration": 0,
            "rootEmpty": false
          }
        ],
        "tests": [],
        "pending": [],
        "root": false,
        "_timeout": 2000,
        "file": "\\test\\index.js",
        "uuid": "d32ebdc9-726e-4018-bfbe-b9978b9687c6",
        "beforeHooks": [],
        "afterHooks": [],
        "fullFile": "C:\\Users\\Francis\\Documents\\Projects\\helpers\\test\\index.js",
        "passes": [],
        "failures": [],
        "skipped": [],
        "hasBeforeHooks": false,
        "hasAfterHooks": false,
        "hasTests": false,
        "hasSuites": true,
        "totalTests": 0,
        "totalPasses": 0,
        "totalFailures": 0,
        "totalPending": 0,
        "totalSkipped": 0,
        "hasPasses": false,
        "hasFailures": false,
        "hasPending": false,
        "hasSkipped": false,
        "duration": 0,
        "rootEmpty": false
      },
      {
        "title": "similar()",
        "suites": [],
        "tests": [
          {
            "title": "should be a function",
            "fullTitle": "similar() should be a function",
            "timedOut": false,
            "duration": 0,
            "state": "passed",
            "speed": "fast",
            "pass": true,
            "fail": false,
            "pending": false,
            "code": "(0, _chai.expect)(_similar2.default).to.be.a('function');",
            "err": {},
            "isRoot": false,
            "uuid": "9045b104-4935-4aa7-8cb1-32e7b4b84a25",
            "parentUUID": "1bd3f0ad-475c-4396-9cd9-db747728c144",
            "isHook": false,
            "skipped": false
          },
          {
            "title": "should confirm equality in both type and constructor match",
            "fullTitle": "similar() should confirm equality in both type and constructor match",
            "timedOut": false,
            "duration": 1,
            "state": "passed",
            "speed": "fast",
            "pass": true,
            "fail": false,
            "pending": false,
            "code": "(0, _chai.expect)((0, _similar2.default)([], [])).to.not.be.false;",
            "err": {},
            "isRoot": false,
            "uuid": "c08710af-9660-4a49-b9cc-684150a43275",
            "parentUUID": "1bd3f0ad-475c-4396-9cd9-db747728c144",
            "isHook": false,
            "skipped": false
          },
          {
            "title": "should deny inequal types",
            "fullTitle": "similar() should deny inequal types",
            "timedOut": false,
            "duration": 0,
            "state": "passed",
            "speed": "fast",
            "pass": true,
            "fail": false,
            "pending": false,
            "code": "(0, _chai.expect)((0, _similar2.default)('', [])).to.be.false;",
            "err": {},
            "isRoot": false,
            "uuid": "ac90094d-2a5d-46c1-975c-44b8b635d3a5",
            "parentUUID": "1bd3f0ad-475c-4396-9cd9-db747728c144",
            "isHook": false,
            "skipped": false
          },
          {
            "title": "should deny inequal constructors",
            "fullTitle": "similar() should deny inequal constructors",
            "timedOut": false,
            "duration": 0,
            "state": "passed",
            "speed": "fast",
            "pass": true,
            "fail": false,
            "pending": false,
            "code": "(0, _chai.expect)((0, _similar2.default)({}, [])).to.be.false;",
            "err": {},
            "isRoot": false,
            "uuid": "c958cb00-13d3-48de-abe0-b0d90b1de6ec",
            "parentUUID": "1bd3f0ad-475c-4396-9cd9-db747728c144",
            "isHook": false,
            "skipped": false
          }
        ],
        "pending": [],
        "root": false,
        "_timeout": 2000,
        "file": "\\test\\index.js",
        "uuid": "1bd3f0ad-475c-4396-9cd9-db747728c144",
        "beforeHooks": [],
        "afterHooks": [],
        "fullFile": "C:\\Users\\Francis\\Documents\\Projects\\helpers\\test\\index.js",
        "passes": [
          {
            "title": "should be a function",
            "fullTitle": "similar() should be a function",
            "timedOut": false,
            "duration": 0,
            "state": "passed",
            "speed": "fast",
            "pass": true,
            "fail": false,
            "pending": false,
            "code": "(0, _chai.expect)(_similar2.default).to.be.a('function');",
            "err": {},
            "isRoot": false,
            "uuid": "9045b104-4935-4aa7-8cb1-32e7b4b84a25",
            "parentUUID": "1bd3f0ad-475c-4396-9cd9-db747728c144",
            "isHook": false,
            "skipped": false
          },
          {
            "title": "should confirm equality in both type and constructor match",
            "fullTitle": "similar() should confirm equality in both type and constructor match",
            "timedOut": false,
            "duration": 1,
            "state": "passed",
            "speed": "fast",
            "pass": true,
            "fail": false,
            "pending": false,
            "code": "(0, _chai.expect)((0, _similar2.default)([], [])).to.not.be.false;",
            "err": {},
            "isRoot": false,
            "uuid": "c08710af-9660-4a49-b9cc-684150a43275",
            "parentUUID": "1bd3f0ad-475c-4396-9cd9-db747728c144",
            "isHook": false,
            "skipped": false
          },
          {
            "title": "should deny inequal types",
            "fullTitle": "similar() should deny inequal types",
            "timedOut": false,
            "duration": 0,
            "state": "passed",
            "speed": "fast",
            "pass": true,
            "fail": false,
            "pending": false,
            "code": "(0, _chai.expect)((0, _similar2.default)('', [])).to.be.false;",
            "err": {},
            "isRoot": false,
            "uuid": "ac90094d-2a5d-46c1-975c-44b8b635d3a5",
            "parentUUID": "1bd3f0ad-475c-4396-9cd9-db747728c144",
            "isHook": false,
            "skipped": false
          },
          {
            "title": "should deny inequal constructors",
            "fullTitle": "similar() should deny inequal constructors",
            "timedOut": false,
            "duration": 0,
            "state": "passed",
            "speed": "fast",
            "pass": true,
            "fail": false,
            "pending": false,
            "code": "(0, _chai.expect)((0, _similar2.default)({}, [])).to.be.false;",
            "err": {},
            "isRoot": false,
            "uuid": "c958cb00-13d3-48de-abe0-b0d90b1de6ec",
            "parentUUID": "1bd3f0ad-475c-4396-9cd9-db747728c144",
            "isHook": false,
            "skipped": false
          }
        ],
        "failures": [],
        "skipped": [],
        "hasBeforeHooks": false,
        "hasAfterHooks": false,
        "hasTests": true,
        "hasSuites": false,
        "totalTests": 4,
        "totalPasses": 4,
        "totalFailures": 0,
        "totalPending": 0,
        "totalSkipped": 0,
        "hasPasses": true,
        "hasFailures": false,
        "hasPending": false,
        "hasSkipped": false,
        "duration": 1,
        "rootEmpty": false
      },
      {
        "title": "array()",
        "suites": [],
        "tests": [
          {
            "title": "should be a function",
            "fullTitle": "array() should be a function",
            "timedOut": false,
            "duration": 0,
            "state": "passed",
            "speed": "fast",
            "pass": true,
            "fail": false,
            "pending": false,
            "code": "(0, _chai.expect)(_array2.default).to.be.a('function');",
            "err": {},
            "isRoot": false,
            "uuid": "86fdd4f5-6506-4f48-b41e-8f969d6ee60c",
            "parentUUID": "61346da5-3052-436b-9cdb-f50ed3b1b21c",
            "isHook": false,
            "skipped": false
          },
          {
            "title": "should respond to an arguments object",
            "fullTitle": "array() should respond to an arguments object",
            "timedOut": false,
            "duration": 0,
            "state": "passed",
            "speed": "fast",
            "pass": true,
            "fail": false,
            "pending": false,
            "code": "(0, _chai.expect)((0, _array2.default)(_arguments)).to.not.throw;",
            "err": {},
            "isRoot": false,
            "uuid": "5c086fa3-72bd-4b88-b2fb-ffa902653b43",
            "parentUUID": "61346da5-3052-436b-9cdb-f50ed3b1b21c",
            "isHook": false,
            "skipped": false
          },
          {
            "title": "should return with an array",
            "fullTitle": "array() should return with an array",
            "timedOut": false,
            "duration": 0,
            "state": "passed",
            "speed": "fast",
            "pass": true,
            "fail": false,
            "pending": false,
            "code": "var parameters;\nparameters = (0, _array2.default)(_arguments);\n(0, _chai.expect)(parameters).to.be.an('array');",
            "err": {},
            "isRoot": false,
            "uuid": "9bfe59e2-76f4-460d-84b2-021ee53c52b9",
            "parentUUID": "61346da5-3052-436b-9cdb-f50ed3b1b21c",
            "isHook": false,
            "skipped": false
          }
        ],
        "pending": [],
        "root": false,
        "_timeout": 2000,
        "file": "\\test\\index.js",
        "uuid": "61346da5-3052-436b-9cdb-f50ed3b1b21c",
        "beforeHooks": [],
        "afterHooks": [],
        "fullFile": "C:\\Users\\Francis\\Documents\\Projects\\helpers\\test\\index.js",
        "passes": [
          {
            "title": "should be a function",
            "fullTitle": "array() should be a function",
            "timedOut": false,
            "duration": 0,
            "state": "passed",
            "speed": "fast",
            "pass": true,
            "fail": false,
            "pending": false,
            "code": "(0, _chai.expect)(_array2.default).to.be.a('function');",
            "err": {},
            "isRoot": false,
            "uuid": "86fdd4f5-6506-4f48-b41e-8f969d6ee60c",
            "parentUUID": "61346da5-3052-436b-9cdb-f50ed3b1b21c",
            "isHook": false,
            "skipped": false
          },
          {
            "title": "should respond to an arguments object",
            "fullTitle": "array() should respond to an arguments object",
            "timedOut": false,
            "duration": 0,
            "state": "passed",
            "speed": "fast",
            "pass": true,
            "fail": false,
            "pending": false,
            "code": "(0, _chai.expect)((0, _array2.default)(_arguments)).to.not.throw;",
            "err": {},
            "isRoot": false,
            "uuid": "5c086fa3-72bd-4b88-b2fb-ffa902653b43",
            "parentUUID": "61346da5-3052-436b-9cdb-f50ed3b1b21c",
            "isHook": false,
            "skipped": false
          },
          {
            "title": "should return with an array",
            "fullTitle": "array() should return with an array",
            "timedOut": false,
            "duration": 0,
            "state": "passed",
            "speed": "fast",
            "pass": true,
            "fail": false,
            "pending": false,
            "code": "var parameters;\nparameters = (0, _array2.default)(_arguments);\n(0, _chai.expect)(parameters).to.be.an('array');",
            "err": {},
            "isRoot": false,
            "uuid": "9bfe59e2-76f4-460d-84b2-021ee53c52b9",
            "parentUUID": "61346da5-3052-436b-9cdb-f50ed3b1b21c",
            "isHook": false,
            "skipped": false
          }
        ],
        "failures": [],
        "skipped": [],
        "hasBeforeHooks": false,
        "hasAfterHooks": false,
        "hasTests": true,
        "hasSuites": false,
        "totalTests": 3,
        "totalPasses": 3,
        "totalFailures": 0,
        "totalPending": 0,
        "totalSkipped": 0,
        "hasPasses": true,
        "hasFailures": false,
        "hasPending": false,
        "hasSkipped": false,
        "duration": 0,
        "rootEmpty": false
      },
      {
        "title": "attempt()",
        "suites": [],
        "tests": [
          {
            "title": "should be a function",
            "fullTitle": "attempt() should be a function",
            "timedOut": false,
            "duration": 0,
            "state": "passed",
            "speed": "fast",
            "pass": true,
            "fail": false,
            "pending": false,
            "code": "(0, _chai.expect)(_attempt2.default).to.be.a('function');",
            "err": {},
            "isRoot": false,
            "uuid": "2d86c0a9-bc11-4b29-9548-be1230006f5e",
            "parentUUID": "102c1e68-71d3-4a2d-bb93-8d4c2a9d492e",
            "isHook": false,
            "skipped": false
          },
          {
            "title": "should save the result if possible",
            "fullTitle": "attempt() should save the result if possible",
            "timedOut": false,
            "duration": 0,
            "state": "passed",
            "speed": "fast",
            "pass": true,
            "fail": false,
            "pending": false,
            "code": "var f = function f(x) {\n  return -~x;\n};\nvar result = (0, _attempt2.default)(f, 1);\n(0, _chai.expect)(result).to.be.equal(2);",
            "err": {},
            "isRoot": false,
            "uuid": "21243800-1b0d-4460-a87e-a3d39b4b613d",
            "parentUUID": "102c1e68-71d3-4a2d-bb93-8d4c2a9d492e",
            "isHook": false,
            "skipped": false
          },
          {
            "title": "should revert to original input if no result is given",
            "fullTitle": "attempt() should revert to original input if no result is given",
            "timedOut": false,
            "duration": 0,
            "state": "passed",
            "speed": "fast",
            "pass": true,
            "fail": false,
            "pending": false,
            "code": "var g = function g() {};\nvar result = (0, _attempt2.default)(g, 1);\n(0, _chai.expect)(result).to.be.equal(1);",
            "err": {},
            "isRoot": false,
            "uuid": "b2c13524-13d5-4ffd-951c-1318f700d5c4",
            "parentUUID": "102c1e68-71d3-4a2d-bb93-8d4c2a9d492e",
            "isHook": false,
            "skipped": false
          }
        ],
        "pending": [],
        "root": false,
        "_timeout": 2000,
        "file": "\\test\\index.js",
        "uuid": "102c1e68-71d3-4a2d-bb93-8d4c2a9d492e",
        "beforeHooks": [],
        "afterHooks": [],
        "fullFile": "C:\\Users\\Francis\\Documents\\Projects\\helpers\\test\\index.js",
        "passes": [
          {
            "title": "should be a function",
            "fullTitle": "attempt() should be a function",
            "timedOut": false,
            "duration": 0,
            "state": "passed",
            "speed": "fast",
            "pass": true,
            "fail": false,
            "pending": false,
            "code": "(0, _chai.expect)(_attempt2.default).to.be.a('function');",
            "err": {},
            "isRoot": false,
            "uuid": "2d86c0a9-bc11-4b29-9548-be1230006f5e",
            "parentUUID": "102c1e68-71d3-4a2d-bb93-8d4c2a9d492e",
            "isHook": false,
            "skipped": false
          },
          {
            "title": "should save the result if possible",
            "fullTitle": "attempt() should save the result if possible",
            "timedOut": false,
            "duration": 0,
            "state": "passed",
            "speed": "fast",
            "pass": true,
            "fail": false,
            "pending": false,
            "code": "var f = function f(x) {\n  return -~x;\n};\nvar result = (0, _attempt2.default)(f, 1);\n(0, _chai.expect)(result).to.be.equal(2);",
            "err": {},
            "isRoot": false,
            "uuid": "21243800-1b0d-4460-a87e-a3d39b4b613d",
            "parentUUID": "102c1e68-71d3-4a2d-bb93-8d4c2a9d492e",
            "isHook": false,
            "skipped": false
          },
          {
            "title": "should revert to original input if no result is given",
[...]
      "skipped": false
    },
    {
      "title": "should deny equality when the object has all different values then the reference object",
      "fullTitle": "equals() should deny equality when the object has all different values then the reference object",
      "timedOut": false,
      "duration": 0,
      "state": "passed",
      "speed": "fast",
      "pass": true,
      "fail": false,
      "pending": false,
      "code": "(0, _chai.expect)((0, _equals2.default)(reference, differentValue3)).to.be.false;",
      "err": {},
      "isRoot": false,
      "uuid": "5800842c-2fe8-49ed-bd02-800fe9a3ee59",
      "parentUUID": "c8a88f69-43f2-41e2-a164-b0c26202a57e",
      "isHook": false,
      "skipped": false
    },
    {
      "title": "should deny equality when the object has an extra property",
      "fullTitle": "equals() should deny equality when the object has an extra property",
      "timedOut": false,
      "duration": 0,
      "state": "passed",
      "speed": "fast",
      "pass": true,
      "fail": false,
      "pending": false,
      "code": "(0, _chai.expect)((0, _equals2.default)(reference, extraProperty)).to.be.false;",
      "err": {},
      "isRoot": false,
      "uuid": "08d91daa-dc79-42d9-a47b-859c8e392d1f",
      "parentUUID": "c8a88f69-43f2-41e2-a164-b0c26202a57e",
      "isHook": false,
      "skipped": false
    },
    {
      "title": "should look deep into objects",
      "fullTitle": "equals() should look deep into objects",
      "timedOut": false,
      "duration": 1,
      "state": "passed",
      "speed": "fast",
      "pass": true,
      "fail": false,
      "pending": false,
      "code": "(0, _chai.expect)((0, _equals2.default)({ deep: reference }, { deep: reference })).to.be.true;",
      "err": {},
      "isRoot": false,
      "uuid": "41014fdd-4f57-46ab-874e-cf076f124376",
      "parentUUID": "c8a88f69-43f2-41e2-a164-b0c26202a57e",
      "isHook": false,
      "skipped": false
    },
    {
      "title": "should be a function",
      "fullTitle": "exists() should be a function",
      "timedOut": false,
      "duration": 0,
      "state": "passed",
      "speed": "fast",
      "pass": true,
      "fail": false,
      "pending": false,
      "code": "(0, _chai.expect)(_exists2.default).to.be.a('function');",
      "err": {},
      "isRoot": false,
      "uuid": "c8ac930a-37df-4b27-80b5-de3f210f9c5f",
      "parentUUID": "2973da90-0b31-4e91-b426-5b500bc0fc0a",
      "isHook": false,
      "skipped": false
    },
    {
      "title": "should deny null",
      "fullTitle": "exists() should deny null",
      "timedOut": false,
      "duration": 0,
      "state": "passed",
      "speed": "fast",
      "pass": true,
      "fail": false,
      "pending": false,
      "code": "(0, _chai.expect)((0, _exists2.default)(null)).to.be.false;",
      "err": {},
      "isRoot": false,
      "uuid": "2cb6d291-1951-4aaa-a7e4-4d11e8448d67",
      "parentUUID": "2973da90-0b31-4e91-b426-5b500bc0fc0a",
      "isHook": false,
      "skipped": false
    },
    {
      "title": "should deny undefined",
      "fullTitle": "exists() should deny undefined",
      "timedOut": false,
      "duration": 2,
      "state": "passed",
      "speed": "fast",
      "pass": true,
      "fail": false,
      "pending": false,
      "code": "(0, _chai.expect)((0, _exists2.default)(undefined)).to.be.false;",
      "err": {},
      "isRoot": false,
      "uuid": "f60aafae-8812-493f-b027-43a0aad83821",
      "parentUUID": "2973da90-0b31-4e91-b426-5b500bc0fc0a",
      "isHook": false,
      "skipped": false
    },
    {
      "title": "should accept a boolean value",
      "fullTitle": "exists() should accept a boolean value",
      "timedOut": false,
      "duration": 0,
      "state": "passed",
      "speed": "fast",
      "pass": true,
      "fail": false,
      "pending": false,
      "code": "(0, _chai.expect)((0, _exists2.default)(false)).to.be.true;",
      "err": {},
      "isRoot": false,
      "uuid": "b3266351-559f-4f22-8613-50ed5ecb696b",
      "parentUUID": "2973da90-0b31-4e91-b426-5b500bc0fc0a",
      "isHook": false,
      "skipped": false
    },
    {
      "title": "should accept an empty string",
      "fullTitle": "exists() should accept an empty string",
      "timedOut": false,
      "duration": 1,
      "state": "passed",
      "speed": "fast",
      "pass": true,
      "fail": false,
      "pending": false,
      "code": "(0, _chai.expect)((0, _exists2.default)('')).to.be.true;",
      "err": {},
      "isRoot": false,
      "uuid": "ada942e7-5b68-4016-8bee-6d7f9c0a8944",
      "parentUUID": "2973da90-0b31-4e91-b426-5b500bc0fc0a",
      "isHook": false,
      "skipped": false
    },
    {
      "title": "should accept an empty array",
      "fullTitle": "exists() should accept an empty array",
      "timedOut": false,
      "duration": 0,
      "state": "passed",
      "speed": "fast",
      "pass": true,
      "fail": false,
      "pending": false,
      "code": "(0, _chai.expect)((0, _exists2.default)([])).to.be.true;",
      "err": {},
      "isRoot": false,
      "uuid": "81130357-3a73-46bc-9313-f1224bd79cc0",
      "parentUUID": "2973da90-0b31-4e91-b426-5b500bc0fc0a",
      "isHook": false,
      "skipped": false
    },
    {
      "title": "should accept an empty object",
      "fullTitle": "exists() should accept an empty object",
      "timedOut": false,
      "duration": 0,
      "state": "passed",
      "speed": "fast",
      "pass": true,
      "fail": false,
      "pending": false,
      "code": "(0, _chai.expect)((0, _exists2.default)({})).to.be.true;",
      "err": {},
      "isRoot": false,
      "uuid": "69f7bed1-5b3e-44f3-8fe5-48c16c15104d",
      "parentUUID": "2973da90-0b31-4e91-b426-5b500bc0fc0a",
      "isHook": false,
      "skipped": false
    },
    {
      "title": "should accept worthless numbers",
      "fullTitle": "exists() should accept worthless numbers",
      "timedOut": false,
      "duration": 0,
      "state": "passed",
      "speed": "fast",
      "pass": true,
      "fail": false,
      "pending": false,
      "code": "(0, _chai.expect)((0, _exists2.default)(0)).to.be.true;",
      "err": {},
      "isRoot": false,
      "uuid": "4a602a06-7e96-4cce-82f7-2c5ef0834dac",
      "parentUUID": "2973da90-0b31-4e91-b426-5b500bc0fc0a",
      "isHook": false,
      "skipped": false
    },
    {
      "title": "should accept not a number",
      "fullTitle": "exists() should accept not a number",
      "timedOut": false,
      "duration": 1,
      "state": "passed",
      "speed": "fast",
      "pass": true,
      "fail": false,
      "pending": false,
      "code": "(0, _chai.expect)((0, _exists2.default)(NaN)).to.be.true;",
      "err": {},
      "isRoot": false,
      "uuid": "62eca654-6ce5-4204-b2b2-877ede43974d",
      "parentUUID": "2973da90-0b31-4e91-b426-5b500bc0fc0a",
      "isHook": false,
      "skipped": false
    },
    {
      "title": "should be a function",
      "fullTitle": "flatten() should be a function",
      "timedOut": false,
      "duration": 0,
      "state": "passed",
      "speed": "fast",
      "pass": true,
      "fail": false,
      "pending": false,
      "code": "(0, _chai.expect)(_flatten2.default).to.be.a('function');",
      "err": {},
      "isRoot": false,
      "uuid": "52066cb9-290e-48c1-a29e-1e32f559d6c2",
      "parentUUID": "de7d97c1-330e-494a-9673-46b1f167c8a4",
      "isHook": false,
      "skipped": false
    },
    {
      "title": "should sift array values downwards",
      "fullTitle": "flatten() should sift array values downwards",
      "timedOut": false,
      "duration": 0,
      "state": "passed",
      "speed": "fast",
      "pass": true,
      "fail": false,
      "pending": false,
      "code": "var flattened = (0, _flatten2.default)(array);\n(0, _chai.expect)(flattened[1]).to.be.eql(2);",
      "err": {},
      "isRoot": false,
      "uuid": "734a4dac-2f85-4470-a2c4-fa154606a854",
      "parentUUID": "de7d97c1-330e-494a-9673-46b1f167c8a4",
      "isHook": false,
      "skipped": false
    },
    {
      "title": "should be a function",
      "fullTitle": "has() should be a function",
      "timedOut": false,
      "duration": 0,
      "state": "passed",
      "speed": "fast",
      "pass": true,
      "fail": false,
      "pending": false,
      "code": "(0, _chai.expect)(_has2.default).to.be.a('function');",
      "err": {},
      "isRoot": false,
      "uuid": "601400ae-5377-443d-8e02-5b8eec78c554",
      "parentUUID": "d39dd9fd-70c1-4045-8631-989dfc63af48",
      "isHook": false,
      "skipped": false
    },
    {
      "title": "should determine objects containment of a property",
      "fullTitle": "has() should determine objects containment of a property",
      "timedOut": false,
      "duration": 0,
      "state": "passed",
      "speed": "fast",
      "pass": true,
      "fail": false,
      "pending": false,
      "code": "var owns = (0, _has2.default)({ foo: 'bar' });\n(0, _chai.expect)(owns('foo')).to.be.true;",
      "err": {},
      "isRoot": false,
      "uuid": "ddaa866b-ce7a-4ae6-a0ac-ab788f0efd27",
      "parentUUID": "d39dd9fd-70c1-4045-8631-989dfc63af48",
      "isHook": false,
      "skipped": false
    },
    {
      "title": "should determine objects lack of property",
      "fullTitle": "has() should determine objects lack of property",
      "timedOut": false,
      "duration": 0,
      "state": "passed",
      "speed": "fast",
      "pass": true,
      "fail": false,
      "pending": false,
      "code": "var owns = (0, _has2.default)({ foo: 'bar' });\n(0, _chai.expect)(owns('bar')).to.be.false;",
      "err": {},
      "isRoot": false,
      "uuid": "39db0d18-0255-4a71-91e1-32f12ce55267",
      "parentUUID": "d39dd9fd-70c1-4045-8631-989dfc63af48",
      "isHook": false,
      "skipped": false
    },
    {
      "title": "should not be fooled by prototype properties",
      "fullTitle": "has() should not be fooled by prototype properties",
      "timedOut": false,
      "duration": 0,
      "state": "passed",
      "speed": "fast",
      "pass": true,
      "fail": false,
      "pending": false,
      "code": "var owns = (0, _has2.default)({ foo: 'bar' });\n(0, _chai.expect)(owns('toString')).to.be.false;",
      "err": {},
      "isRoot": false,
      "uuid": "12230604-2a0b-4cfa-9da3-edf46db3951f",
      "parentUUID": "d39dd9fd-70c1-4045-8631-989dfc63af48",
      "isHook": false,
      "skipped": false
    },
    {
      "title": "should be a function",
      "fullTitle": "negated() should be a function",
      "timedOut": false,
      "duration": 0,
      "state": "passed",
      "speed": "fast",
      "pass": true,
      "fail": false,
      "pending": false,
      "code": "(0, _chai.expect)(_negated2.default).to.be.a('function');",
      "err": {},
      "isRoot": false,
      "uuid": "e8c7e484-39cf-49d8-9f34-b4485705b56a",
      "parentUUID": "395c0e35-86b8-4eea-8f18-78fe95e7a84d",
      "isHook": false,
      "skipped": false
    },
    {
      "title": "should return a function",
      "fullTitle": "negated() should return a function",
      "timedOut": false,
      "duration": 0,
      "state": "passed",
      "speed": "fast",
      "pass": true,
      "fail": false,
      "pending": false,
      "code": "(0, _chai.expect)(notYes).to.be.a('function');",
      "err": {},
      "isRoot": false,
      "uuid": "0bca146e-b0ce-4ee6-853a-8f729f8bc163",
      "parentUUID": "395c0e35-86b8-4eea-8f18-78fe95e7a84d",
      "isHook": false,
      "skipped": false
    },
    {
      "title": "should equate not true to false",
      "fullTitle": "negated() should equate not true to false",
      "timedOut": false,
      "duration": 1,
      "state": "passed",
      "speed": "fast",
      "pass": true,
      "fail": false,
      "pending": false,
      "code": "(0, _chai.expect)(notYes()).to.be.equal(!yes());",
      "err": {},
      "isRoot": false,
      "uuid": "f75d0bfd-25c9-44e3-af74-1845df1ded49",
      "parentUUID": "395c0e35-86b8-4eea-8f18-78fe95e7a84d",
      "isHook": false,
      "skipped": false
    },
    {
      "title": "should equate not false to true ",
      "fullTitle": "negated() should equate not false to true ",
      "timedOut": false,
      "duration": 1,
      "state": "passed",
      "speed": "fast",
      "pass": true,
      "fail": false,
      "pending": false,
      "code": "(0, _chai.expect)(notNo()).to.be.equal(!no());",
      "err": {},
      "isRoot": false,
      "uuid": "9cb93bb0-e970-4eba-a3ea-bdf86a4ed0ce",
      "parentUUID": "395c0e35-86b8-4eea-8f18-78fe95e7a84d",
      "isHook": false,
      "skipped": false
    },
    {
      "title": "should be a function",
      "fullTitle": "pair() should be a function",
      "timedOut": false,
      "duration": 0,
      "state": "passed",
      "speed": "fast",
      "pass": true,
      "fail": false,
      "pending": false,
      "code": "(0, _chai.expect)(_pair2.default).to.be.a('function');",
      "err": {},
      "isRoot": false,
      "uuid": "81f1162c-2c26-4a3e-97d5-069282b309f7",
      "parentUUID": "d57bfee7-8988-4464-bb29-af1d7af75922",
      "isHook": false,
      "skipped": false
    },
    {
      "title": "should return an array",
      "fullTitle": "pair() should return an array",
      "timedOut": false,
      "duration": 0,
      "state": "passed",
      "speed": "fast",
      "pass": true,
      "fail": false,
      "pending": false,
      "code": "(0, _chai.expect)(output).to.be.an('array');",
      "err": {},
      "isRoot": false,
      "uuid": "db3b1a65-c476-4be5-b2bc-8e8293b1e8a9",
      "parentUUID": "d57bfee7-8988-4464-bb29-af1d7af75922",
      "isHook": false,
      "skipped": false
    },
    {
      "title": "should have items with a key property",
      "fullTitle": "pair() should have items with a key property",
      "timedOut": false,
      "duration": 0,
      "state": "passed",
      "speed": "fast",
      "pass": true,
      "fail": false,
      "pending": false,
      "code": "(0, _chai.expect)(output.shift()).to.have.property('key');",
      "err": {},
      "isRoot": false,
      "uuid": "d10afa2a-f6fb-4776-a28b-0c0e85778ff8",
      "parentUUID": "d57bfee7-8988-4464-bb29-af1d7af75922",
      "isHook": false,
      "skipped": false
    },
    {
      "title": "should have items with a value property",
      "fullTitle": "pair() should have items with a value property",
      "timedOut": false,
      "duration": 0,
      "state": "passed",
      "speed": "fast",
      "pass": true,
      "fail": false,
      "pending": false,
      "code": "(0, _chai.expect)(output.shift()).to.have.property('value');",
      "err": {},
      "isRoot": false,
      "uuid": "4bb1034c-c698-4f07-8647-2a0fed25b7c1",
      "parentUUID": "d57bfee7-8988-4464-bb29-af1d7af75922",
      "isHook": false,
      "skipped": false
    },
    {
      "title": "should not contain prototype",
      "fullTitle": "pair() should not contain prototype",
      "timedOut": false,
      "duration": 0,
      "state": "passed",
      "speed": "fast",
      "pass": true,
      "fail": false,
      "pending": false,
      "code": "var values = output.map(function (it) {\n  return it.value;\n});\n(0, _chai.expect)(values).to.not.include('prototype');",
      "err": {},
      "isRoot": false,
      "uuid": "ce8d374a-7530-43bd-a979-052a753f4de3",
      "parentUUID": "d57bfee7-8988-4464-bb29-af1d7af75922",
      "isHook": false,
      "skipped": false
    },
    {
      "title": "should not contain prototypes",
      "fullTitle": "pair() should not contain prototypes",
      "timedOut": false,
      "duration": 0,
      "state": "passed",
      "speed": "fast",
      "pass": true,
      "fail": false,
      "pending": false,
      "code": "var values = output.map(function (it) {\n  return it.value;\n});\n(0, _chai.expect)(values).to.not.include('length');",
      "err": {},
      "isRoot": false,
      "uuid": "673079dd-f789-4fd0-8f35-a6b8c98dec1d",
      "parentUUID": "d57bfee7-8988-4464-bb29-af1d7af75922",
      "isHook": false,
      "skipped": false
    },
    {
      "title": "should be contain all items",
      "fullTitle": "pair() should be contain all items",
      "timedOut": false,
      "duration": 0,
      "state": "passed",
      "speed": "fast",
      "pass": true,
      "fail": false,
      "pending": false,
      "code": "(0, _chai.expect)(output).to.be.length(2);",
      "err": {},
      "isRoot": false,
      "uuid": "7fc828f7-c0df-4da5-8faf-3c5354717e1d",
      "parentUUID": "d57bfee7-8988-4464-bb29-af1d7af75922",
      "isHook": false,
      "skipped": false
    },
    {
      "title": "should be in order of declaration",
      "fullTitle": "pair() should be in order of declaration",
      "timedOut": false,
      "duration": 0,
      "state": "passed",
      "speed": "fast",
      "pass": true,
      "fail": false,
      "pending": false,
      "code": "(0, _chai.expect)(output.shift().key).to.be.equal('c');",
      "err": {},
      "isRoot": false,
      "uuid": "0acbeff1-0825-4198-b463-5d9c6e6d4c2f",
      "parentUUID": "d57bfee7-8988-4464-bb29-af1d7af75922",
      "isHook": false,
      "skipped": false
    },
    {
      "title": "should not be repeating the same element",
      "fullTitle": "pair() should not be repeating the same element",
      "timedOut": false,
      "duration": 0,
      "state": "passed",
      "speed": "fast",
      "pass": true,
      "fail": false,
      "pending": false,
      "code": "(0, _chai.expect)(output.shift().value).to.not.be.equal(output.pop().value);",
      "err": {},
      "isRoot": false,
      "uuid": "7f57679e-9b57-4f62-b3c7-1f4e49b87b2a",
      "parentUUID": "d57bfee7-8988-4464-bb29-af1d7af75922",
      "isHook": false,
      "skipped": false
    },
    {
      "title": "should be a function",
      "fullTitle": "#filter() should be a function",
      "timedOut": false,
      "duration": 0,
      "state": "passed",
      "speed": "fast",
      "pass": true,
      "fail": false,
      "pending": false,
      "code": "(0, _chai.expect)(_unique.filter).to.be.a('function');",
      "err": {},
      "isRoot": false,
      "uuid": "dbb6bd57-b09a-475a-b8e1-7b001d764fae",
      "parentUUID": "e81e75f6-2504-48e6-88e5-e73ef3d63043",
      "isHook": false,
      "skipped": false
    },
    {
      "title": "should not have duplicates",
      "fullTitle": "#filter() should not have duplicates",
      "timedOut": false,
      "duration": 1,
      "state": "passed",
      "speed": "fast",
      "pass": true,
      "fail": false,
      "pending": false,
      "code": "(0, _chai.expect)(array.filter(_unique.filter)).to.be.length(1);",
      "err": {},
      "isRoot": false,
      "uuid": "63b77c83-865d-4caf-8085-31eed8cdbcae",
      "parentUUID": "e81e75f6-2504-48e6-88e5-e73ef3d63043",
      "isHook": false,
      "skipped": false
    },
    {
      "title": "should be a function",
      "fullTitle": "#reduce() should be a function",
      "timedOut": false,
      "duration": 0,
      "state": "passed",
      "speed": "fast",
      "pass": true,
      "fail": false,
      "pending": false,
      "code": "(0, _chai.expect)(_unique.reduce).to.be.a('function');",
      "err": {},
      "isRoot": false,
      "uuid": "6d2feefc-98fe-4f2f-9daa-05684db3caf6",
      "parentUUID": "02c708a2-1e69-4cb5-92c5-b8e6faf5dcef",
      "isHook": false,
      "skipped": false
    },
    {
      "title": "should not have duplicates",
      "fullTitle": "#reduce() should not have duplicates",
      "timedOut": false,
      "duration": 0,
      "state": "passed",
      "speed": "fast",
      "pass": true,
      "fail": false,
      "pending": false,
      "code": "(0, _chai.expect)(array.reduce(_unique.reduce)).to.be.length(1);",
      "err": {},
      "isRoot": false,
      "uuid": "700becba-a8f9-4848-b52c-e20be2f0a508",
      "parentUUID": "02c708a2-1e69-4cb5-92c5-b8e6faf5dcef",
      "isHook": false,
      "skipped": false
    }
  ],
  "allFailures": [],
  "copyrightYear": 2017
}